Using pre-set license
Built from '2020.3/staging' branch; Version is '2020.3.14f1 (d0d1bb862f9d) revision 13685179'; Using compiler version '192528614'; Build Type 'Release'
OS: 'Windows 10 Pro; OS build 19043.1288; Version 2009; 64bit' Language: 'ru' Physical Memory: 7113 MB
BatchMode: 1, IsHumanControllingUs: 0, StartBugReporterOnCrash: 0, Is64bit: 1, IsPro: 0

 COMMAND LINE ARGUMENTS:
D:\UnityEdditor\2020.3.14f1\Editor\Unity.exe
-adb2
-batchMode
-noUpm
-name
AssetImportWorker0
-projectPath
C:/Users/makar/Desktop/Универ/Кмс/BSTU-KMS/PianoProj
-logFile
Logs/AssetImportWorker0.log
-srvPort
55201
Successfully changed project path to: C:/Users/makar/Desktop/Универ/Кмс/BSTU-KMS/PianoProj
C:/Users/makar/Desktop/Универ/Кмс/BSTU-KMS/PianoProj
Using Asset Import Pipeline V2.
Refreshing native plugins compatible for Editor in 51.29 ms, found 2 plugins.
Preloading 0 native plugins for Editor in 0.00 ms.
Initialize engine version: 2020.3.14f1 (d0d1bb862f9d)
[Subsystems] Discovering subsystems at path D:/UnityEdditor/2020.3.14f1/Editor/Data/Resources/UnitySubsystems
[Subsystems] Discovering subsystems at path C:/Users/makar/Desktop/Универ/Кмс/BSTU-KMS/PianoProj/Assets
GfxDevice: creating device client; threaded=0
Direct3D:
    Version:  Direct3D 11.0 [level 11.1]
    Renderer: AMD Radeon(TM) Vega 8 Mobile Graphics (ID=0x15dd)
    Vendor:   
    VRAM:     3556 MB
    Driver:   27.20.22002.57
Initialize mono
Mono path[0] = 'D:/UnityEdditor/2020.3.14f1/Editor/Data/Managed'
Mono path[1] = 'D:/UnityEdditor/2020.3.14f1/Editor/Data/MonoBleedingEdge/lib/mono/unityjit'
Mono config path = 'D:/UnityEdditor/2020.3.14f1/Editor/Data/MonoBleedingEdge/etc'
Using monoOptions --debugger-agent=transport=dt_socket,embedding=1,server=y,suspend=n,address=127.0.0.1:56024
Begin MonoManager ReloadAssembly
Registering precompiled unity dll's ...
Register platform support module: D:/UnityEdditor/2020.3.14f1/Editor/Data/PlaybackEngines/WebGLSupport/UnityEditor.WebGL.Extensions.dll
Register platform support module: D:/UnityEdditor/2020.3.14f1/Editor/Data/PlaybackEngines/WindowsStandaloneSupport/UnityEditor.WindowsStandalone.Extensions.dll
Registered in 0.002145 seconds.
Native extension for WindowsStandalone target not found
Native extension for WebGL target not found
Refreshing native plugins compatible for Editor in 37.64 ms, found 2 plugins.
Preloading 0 native plugins for Editor in 0.00 ms.
Mono: successfully reloaded assembly
- Completed reload, in  2.649 seconds
Domain Reload Profiling:
	ReloadAssembly (2649ms)
		BeginReloadAssembly (104ms)
			ExecutionOrderSort (0ms)
			DisableScriptedObjects (0ms)
			BackupInstance (0ms)
			ReleaseScriptingObjects (0ms)
			CreateAndSetChildDomain (2ms)
		EndReloadAssembly (585ms)
			LoadAssemblies (102ms)
			RebuildTransferFunctionScriptingTraits (0ms)
			SetupTypeCache (207ms)
			ReleaseScriptCaches (0ms)
			RebuildScriptCaches (50ms)
			SetupLoadedEditorAssemblies (234ms)
				LogAssemblyErrors (0ms)
				InitializePlatformSupportModulesInManaged (8ms)
				SetLoadedEditorAssemblies (1ms)
				RefreshPlugins (38ms)
				BeforeProcessingInitializeOnLoad (23ms)
				ProcessInitializeOnLoadAttributes (121ms)
				ProcessInitializeOnLoadMethodAttributes (43ms)
				AfterProcessingInitializeOnLoad (0ms)
				EditorAssembliesLoaded (1ms)
			ExecutionOrderSort2 (0ms)
			AwakeInstancesAfterBackupRestoration (0ms)
Platform modules already initialized, skipping
Registering precompiled user dll's ...
Registered in 0.007250 seconds.
Begin MonoManager ReloadAssembly
Native extension for WindowsStandalone target not found
Native extension for WebGL target not found
Refreshing native plugins compatible for Editor in 0.43 ms, found 2 plugins.
Preloading 0 native plugins for Editor in 0.00 ms.
Mono: successfully reloaded assembly
- Completed reload, in  1.564 seconds
Domain Reload Profiling:
	ReloadAssembly (1565ms)
		BeginReloadAssembly (197ms)
			ExecutionOrderSort (0ms)
			DisableScriptedObjects (8ms)
			BackupInstance (0ms)
			ReleaseScriptingObjects (0ms)
			CreateAndSetChildDomain (29ms)
		EndReloadAssembly (1272ms)
			LoadAssemblies (129ms)
			RebuildTransferFunctionScriptingTraits (0ms)
			SetupTypeCache (377ms)
			ReleaseScriptCaches (1ms)
			RebuildScriptCaches (104ms)
			SetupLoadedEditorAssemblies (495ms)
				LogAssemblyErrors (0ms)
				InitializePlatformSupportModulesInManaged (10ms)
				SetLoadedEditorAssemblies (1ms)
				RefreshPlugins (1ms)
				BeforeProcessingInitializeOnLoad (127ms)
				ProcessInitializeOnLoadAttributes (347ms)
				ProcessInitializeOnLoadMethodAttributes (5ms)
				AfterProcessingInitializeOnLoad (3ms)
				EditorAssembliesLoaded (0ms)
			ExecutionOrderSort2 (0ms)
			AwakeInstancesAfterBackupRestoration (12ms)
Platform modules already initialized, skipping
========================================================================
Worker process is ready to serve import requests
Launched and connected shader compiler UnityShaderCompiler.exe after 0.13 seconds
Refreshing native plugins compatible for Editor in 0.35 ms, found 2 plugins.
Preloading 0 native plugins for Editor in 0.00 ms.
Unloading 1394 Unused Serialized files (Serialized files now loaded: 0)
System memory in use before: 64.9 MB.
System memory in use after: 65.0 MB.

Unloading 19 unused Assets to reduce memory usage. Loaded Objects now: 1826.
Total: 2.815400 ms (FindLiveObjects: 0.234600 ms CreateObjectMapping: 0.046700 ms MarkObjects: 2.403400 ms  DeleteObjects: 0.128700 ms)

AssetImportParameters requested are different than current active one (requested -> active):
  custom:framework-win-MediaFoundation: 216162199b28c13a410421893ffa2e32 -> 
  custom:video-decoder-ogg-theora: a1e56fd34408186e4bbccfd4996cb3dc -> 
  custom:container-muxer-webm: aa71ff27fc2769a1b78a27578f13a17b -> 
  custom:container-demuxer-webm: 4f35f7cbe854078d1ac9338744f61a02 -> 
  custom:container-demuxer-ogg: 62fdf1f143b41e24485cea50d1cbac27 -> 
  custom:video-encoder-webm-vp8: eb34c28f22e8b96e1ab97ce403110664 -> 
  custom:video-decoder-webm-vp8: 9c59270c3fd7afecdb556c50c9e8de78 -> 
  custom:audio-decoder-ogg-vorbis: bf7c407c2cedff20999df2af8eb42d56 -> 
  custom:audio-encoder-webm-vorbis: bf7c407c2cedff20999df2af8eb42d56 -> 
========================================================================
Received Import Request.
  path: Assets/Meshes/piano.fbx
  artifactKey: Guid(d135e999d0e5ba643a4be54975061a61) Importer(815301076,1909f56bfc062723c751e8b465ee728b)
Start importing Assets/Meshes/piano.fbx using Guid(d135e999d0e5ba643a4be54975061a61) Importer(815301076,1909f56bfc062723c751e8b465ee728b)  -> (artifact id: 'a190b5eab3a448f1214c1d65f1014d17') in 0.505695 seconds 
  Import took 0.510216 seconds .

========================================================================
Received Import Request.
  Time since last request: 0.043002 seconds.
  path: Assets/Meshes/piano.fbx
  artifactKey: Guid(d135e999d0e5ba643a4be54975061a61) Importer(815301076,1909f56bfc062723c751e8b465ee728b)
Start importing Assets/Meshes/piano.fbx using Guid(d135e999d0e5ba643a4be54975061a61) Importer(815301076,1909f56bfc062723c751e8b465ee728b)  -> (artifact id: 'a190b5eab3a448f1214c1d65f1014d17') in 0.234709 seconds 
  Import took 0.239811 seconds .

========================================================================
Received Import Request.
  Time since last request: 110.535511 seconds.
  path: Assets/Meshes/piano.fbx
  artifactKey: Guid(d135e999d0e5ba643a4be54975061a61) Importer(815301076,1909f56bfc062723c751e8b465ee728b)
Start importing Assets/Meshes/piano.fbx using Guid(d135e999d0e5ba643a4be54975061a61) Importer(815301076,1909f56bfc062723c751e8b465ee728b)  -> (artifact id: '7b5f71ec8f61618e147a4a42964af529') in 0.210101 seconds 
  Import took 0.215454 seconds .

========================================================================
Received Import Request.
  Time since last request: 151.887079 seconds.
  path: Assets/Meshes/Piano.fbx
  artifactKey: Guid(d135e999d0e5ba643a4be54975061a61) Importer(815301076,1909f56bfc062723c751e8b465ee728b)
Start importing Assets/Meshes/Piano.fbx using Guid(d135e999d0e5ba643a4be54975061a61) Importer(815301076,1909f56bfc062723c751e8b465ee728b)  -> (artifact id: '93ab37bab87e8cf6dbcd6a678674e225') in 0.225806 seconds 
  Import took 0.231292 seconds .

========================================================================
Received Import Request.
  Time since last request: 36.670055 seconds.
  path: Assets/Prefabs/Octave.prefab
  artifactKey: Guid(dbdf27c5ebf9bdc4e85482ed31eeefe4) Importer(815301076,1909f56bfc062723c751e8b465ee728b)
Start importing Assets/Prefabs/Octave.prefab using Guid(dbdf27c5ebf9bdc4e85482ed31eeefe4) Importer(815301076,1909f56bfc062723c751e8b465ee728b)  -> (artifact id: 'd1e385a358e6db6e69fb911d5cb20266') in 0.029781 seconds 
  Import took 0.034174 seconds .

========================================================================
Received Import Request.
  Time since last request: 2.636203 seconds.
  path: Assets/Prefabs/Octave.prefab
  artifactKey: Guid(dbdf27c5ebf9bdc4e85482ed31eeefe4) Importer(815301076,1909f56bfc062723c751e8b465ee728b)
Start importing Assets/Prefabs/Octave.prefab using Guid(dbdf27c5ebf9bdc4e85482ed31eeefe4) Importer(815301076,1909f56bfc062723c751e8b465ee728b)  -> (artifact id: '1c55cf02f9f125dc2e828e73078f383f') in 0.028809 seconds 
  Import took 0.033243 seconds .

========================================================================
Received Import Request.
  Time since last request: 2.608253 seconds.
  path: Assets/Prefabs/Octave.prefab
  artifactKey: Guid(dbdf27c5ebf9bdc4e85482ed31eeefe4) Importer(815301076,1909f56bfc062723c751e8b465ee728b)
Start importing Assets/Prefabs/Octave.prefab using Guid(dbdf27c5ebf9bdc4e85482ed31eeefe4) Importer(815301076,1909f56bfc062723c751e8b465ee728b)  -> (artifact id: 'b7422b6b48b8c126fbbca5dcb5e52500') in 0.020590 seconds 
  Import took 0.025767 seconds .

========================================================================
Received Import Request.
  Time since last request: 5.055947 seconds.
  path: Assets/Prefabs/Octave.prefab
  artifactKey: Guid(dbdf27c5ebf9bdc4e85482ed31eeefe4) Importer(815301076,1909f56bfc062723c751e8b465ee728b)
Start importing Assets/Prefabs/Octave.prefab using Guid(dbdf27c5ebf9bdc4e85482ed31eeefe4) Importer(815301076,1909f56bfc062723c751e8b465ee728b)  -> (artifact id: '611f10ed9550324d884eac6c7fad9c98') in 0.024217 seconds 
  Import took 0.029365 seconds .

========================================================================
Received Import Request.
  Time since last request: 0.584195 seconds.
  path: Assets/Prefabs/Octave.prefab
  artifactKey: Guid(dbdf27c5ebf9bdc4e85482ed31eeefe4) Importer(815301076,1909f56bfc062723c751e8b465ee728b)
Start importing Assets/Prefabs/Octave.prefab using Guid(dbdf27c5ebf9bdc4e85482ed31eeefe4) Importer(815301076,1909f56bfc062723c751e8b465ee728b)  -> (artifact id: '75fd0bda6cee050758330b60820b781f') in 0.036431 seconds 
  Import took 0.041385 seconds .

========================================================================
Received Import Request.
  Time since last request: 0.400671 seconds.
  path: Assets/Prefabs/Octave.prefab
  artifactKey: Guid(dbdf27c5ebf9bdc4e85482ed31eeefe4) Importer(815301076,1909f56bfc062723c751e8b465ee728b)
Start importing Assets/Prefabs/Octave.prefab using Guid(dbdf27c5ebf9bdc4e85482ed31eeefe4) Importer(815301076,1909f56bfc062723c751e8b465ee728b)  -> (artifact id: '2bcd589e209d6eae454a8d8fc2d84140') in 0.034105 seconds 
  Import took 0.040852 seconds .

========================================================================
Received Import Request.
  Time since last request: 0.583059 seconds.
  path: Assets/Prefabs/Octave.prefab
  artifactKey: Guid(dbdf27c5ebf9bdc4e85482ed31eeefe4) Importer(815301076,1909f56bfc062723c751e8b465ee728b)
Start importing Assets/Prefabs/Octave.prefab using Guid(dbdf27c5ebf9bdc4e85482ed31eeefe4) Importer(815301076,1909f56bfc062723c751e8b465ee728b)  -> (artifact id: 'ae23ec4568f685c9698e830edbeddba2') in 0.021867 seconds 
  Import took 0.026389 seconds .

========================================================================
Received Import Request.
  Time since last request: 1.411392 seconds.
  path: Assets/Prefabs/Octave.prefab
  artifactKey: Guid(dbdf27c5ebf9bdc4e85482ed31eeefe4) Importer(815301076,1909f56bfc062723c751e8b465ee728b)
Start importing Assets/Prefabs/Octave.prefab using Guid(dbdf27c5ebf9bdc4e85482ed31eeefe4) Importer(815301076,1909f56bfc062723c751e8b465ee728b)  -> (artifact id: '826e061c309bb3beef80bc99c5a73f85') in 0.044031 seconds 
  Import took 0.048496 seconds .

========================================================================
Received Import Request.
  Time since last request: 9.872972 seconds.
  path: Assets/Prefabs/Octave.prefab
  artifactKey: Guid(dbdf27c5ebf9bdc4e85482ed31eeefe4) Importer(815301076,1909f56bfc062723c751e8b465ee728b)
Start importing Assets/Prefabs/Octave.prefab using Guid(dbdf27c5ebf9bdc4e85482ed31eeefe4) Importer(815301076,1909f56bfc062723c751e8b465ee728b)  -> (artifact id: 'ed7105ddc20411a7d330a505465f0c63') in 0.023077 seconds 
  Import took 0.027974 seconds .

========================================================================
Received Import Request.
  Time since last request: 1.773542 seconds.
  path: Assets/Prefabs/Octave.prefab
  artifactKey: Guid(dbdf27c5ebf9bdc4e85482ed31eeefe4) Importer(815301076,1909f56bfc062723c751e8b465ee728b)
Start importing Assets/Prefabs/Octave.prefab using Guid(dbdf27c5ebf9bdc4e85482ed31eeefe4) Importer(815301076,1909f56bfc062723c751e8b465ee728b)  -> (artifact id: '896c63b2d97b8f0e9a0279d5869ddedf') in 0.019779 seconds 
  Import took 0.025073 seconds .

========================================================================
Received Import Request.
  Time since last request: 3.018749 seconds.
  path: Assets/Prefabs/Octave.prefab
  artifactKey: Guid(dbdf27c5ebf9bdc4e85482ed31eeefe4) Importer(815301076,1909f56bfc062723c751e8b465ee728b)
Start importing Assets/Prefabs/Octave.prefab using Guid(dbdf27c5ebf9bdc4e85482ed31eeefe4) Importer(815301076,1909f56bfc062723c751e8b465ee728b)  -> (artifact id: '36df0d8c1fbe39c597b08e41bc9b9faf') in 0.020837 seconds 
  Import took 0.026802 seconds .

========================================================================
Received Import Request.
  Time since last request: 2.593348 seconds.
  path: Assets/Prefabs/Octave.prefab
  artifactKey: Guid(dbdf27c5ebf9bdc4e85482ed31eeefe4) Importer(815301076,1909f56bfc062723c751e8b465ee728b)
Start importing Assets/Prefabs/Octave.prefab using Guid(dbdf27c5ebf9bdc4e85482ed31eeefe4) Importer(815301076,1909f56bfc062723c751e8b465ee728b)  -> (artifact id: 'f1e8e07d475d9aa0821f94297fa76f4e') in 0.018313 seconds 
  Import took 0.023484 seconds .

========================================================================
Received Import Request.
  Time since last request: 3.412367 seconds.
  path: Assets/Prefabs/Octave.prefab
  artifactKey: Guid(dbdf27c5ebf9bdc4e85482ed31eeefe4) Importer(815301076,1909f56bfc062723c751e8b465ee728b)
Start importing Assets/Prefabs/Octave.prefab using Guid(dbdf27c5ebf9bdc4e85482ed31eeefe4) Importer(815301076,1909f56bfc062723c751e8b465ee728b)  -> (artifact id: '0fac88afc5c0c592b43e3a19529a6253') in 0.020730 seconds 
  Import took 0.025313 seconds .

========================================================================
Received Import Request.
  Time since last request: 2.634601 seconds.
  path: Assets/Prefabs/Octave.prefab
  artifactKey: Guid(dbdf27c5ebf9bdc4e85482ed31eeefe4) Importer(815301076,1909f56bfc062723c751e8b465ee728b)
Start importing Assets/Prefabs/Octave.prefab using Guid(dbdf27c5ebf9bdc4e85482ed31eeefe4) Importer(815301076,1909f56bfc062723c751e8b465ee728b)  -> (artifact id: '6b6224f867e5c5d7b0e3b85de94ac795') in 0.018364 seconds 
  Import took 0.023665 seconds .

========================================================================
Received Import Request.
  Time since last request: 2.399948 seconds.
  path: Assets/Prefabs/Octave.prefab
  artifactKey: Guid(dbdf27c5ebf9bdc4e85482ed31eeefe4) Importer(815301076,1909f56bfc062723c751e8b465ee728b)
Start importing Assets/Prefabs/Octave.prefab using Guid(dbdf27c5ebf9bdc4e85482ed31eeefe4) Importer(815301076,1909f56bfc062723c751e8b465ee728b)  -> (artifact id: '9ee729a64fad005944b1748fca093467') in 0.021370 seconds 
  Import took 0.026589 seconds .

========================================================================
Received Import Request.
  Time since last request: 18.091666 seconds.
  path: Assets/Prefabs/Octave.prefab
  artifactKey: Guid(dbdf27c5ebf9bdc4e85482ed31eeefe4) Importer(815301076,1909f56bfc062723c751e8b465ee728b)
Start importing Assets/Prefabs/Octave.prefab using Guid(dbdf27c5ebf9bdc4e85482ed31eeefe4) Importer(815301076,1909f56bfc062723c751e8b465ee728b)  -> (artifact id: 'bf2dab81963d7583dab0da66c09c1830') in 0.027873 seconds 
  Import took 0.034146 seconds .

========================================================================
Received Import Request.
  Time since last request: 3.380008 seconds.
  path: Assets/Prefabs/Octave.prefab
  artifactKey: Guid(dbdf27c5ebf9bdc4e85482ed31eeefe4) Importer(815301076,1909f56bfc062723c751e8b465ee728b)
Start importing Assets/Prefabs/Octave.prefab using Guid(dbdf27c5ebf9bdc4e85482ed31eeefe4) Importer(815301076,1909f56bfc062723c751e8b465ee728b)  -> (artifact id: '016c466e071505ebfb66091639299883') in 0.024771 seconds 
  Import took 0.029287 seconds .

========================================================================
Received Import Request.
  Time since last request: 3.653413 seconds.
  path: Assets/Prefabs/Octave.prefab
  artifactKey: Guid(dbdf27c5ebf9bdc4e85482ed31eeefe4) Importer(815301076,1909f56bfc062723c751e8b465ee728b)
Start importing Assets/Prefabs/Octave.prefab using Guid(dbdf27c5ebf9bdc4e85482ed31eeefe4) Importer(815301076,1909f56bfc062723c751e8b465ee728b)  -> (artifact id: '36c406a0793e186618ac090815fff79f') in 0.029034 seconds 
  Import took 0.034569 seconds .

========================================================================
Received Import Request.
  Time since last request: 5.431456 seconds.
  path: Assets/Prefabs/Octave.prefab
  artifactKey: Guid(dbdf27c5ebf9bdc4e85482ed31eeefe4) Importer(815301076,1909f56bfc062723c751e8b465ee728b)
Start importing Assets/Prefabs/Octave.prefab using Guid(dbdf27c5ebf9bdc4e85482ed31eeefe4) Importer(815301076,1909f56bfc062723c751e8b465ee728b)  -> (artifact id: 'f0aeee7b25b930848feca434ce001e42') in 0.025982 seconds 
  Import took 0.032077 seconds .

========================================================================
Received Import Request.
  Time since last request: 4.039149 seconds.
  path: Assets/Prefabs/Octave.prefab
  artifactKey: Guid(dbdf27c5ebf9bdc4e85482ed31eeefe4) Importer(815301076,1909f56bfc062723c751e8b465ee728b)
Start importing Assets/Prefabs/Octave.prefab using Guid(dbdf27c5ebf9bdc4e85482ed31eeefe4) Importer(815301076,1909f56bfc062723c751e8b465ee728b)  -> (artifact id: '6ffb53a4ba0a75f25b9c3172231d1c81') in 0.029585 seconds 
  Import took 0.035143 seconds .

========================================================================
Received Import Request.
  Time since last request: 4.041059 seconds.
  path: Assets/Prefabs/Octave.prefab
  artifactKey: Guid(dbdf27c5ebf9bdc4e85482ed31eeefe4) Importer(815301076,1909f56bfc062723c751e8b465ee728b)
Start importing Assets/Prefabs/Octave.prefab using Guid(dbdf27c5ebf9bdc4e85482ed31eeefe4) Importer(815301076,1909f56bfc062723c751e8b465ee728b)  -> (artifact id: 'e2a7050b11e51282f95f24ef923e0d3a') in 0.027642 seconds 
  Import took 0.033163 seconds .

========================================================================
Received Import Request.
  Time since last request: 18.595282 seconds.
  path: Assets/Prefabs/Octave.prefab
  artifactKey: Guid(dbdf27c5ebf9bdc4e85482ed31eeefe4) Importer(815301076,1909f56bfc062723c751e8b465ee728b)
Start importing Assets/Prefabs/Octave.prefab using Guid(dbdf27c5ebf9bdc4e85482ed31eeefe4) Importer(815301076,1909f56bfc062723c751e8b465ee728b)  -> (artifact id: '64c20139b5fee01205f40cd2758c7fe9') in 0.025090 seconds 
  Import took 0.030332 seconds .

========================================================================
Received Import Request.
  Time since last request: 9.646794 seconds.
  path: Assets/Prefabs/Octave.prefab
  artifactKey: Guid(dbdf27c5ebf9bdc4e85482ed31eeefe4) Importer(815301076,1909f56bfc062723c751e8b465ee728b)
Start importing Assets/Prefabs/Octave.prefab using Guid(dbdf27c5ebf9bdc4e85482ed31eeefe4) Importer(815301076,1909f56bfc062723c751e8b465ee728b)  -> (artifact id: '6137b2aba9eee366e2004bd623ccac07') in 0.025801 seconds 
  Import took 0.030181 seconds .

========================================================================
Received Import Request.
  Time since last request: 7.852142 seconds.
  path: Assets/Prefabs/Octave.prefab
  artifactKey: Guid(dbdf27c5ebf9bdc4e85482ed31eeefe4) Importer(815301076,1909f56bfc062723c751e8b465ee728b)
Start importing Assets/Prefabs/Octave.prefab using Guid(dbdf27c5ebf9bdc4e85482ed31eeefe4) Importer(815301076,1909f56bfc062723c751e8b465ee728b)  -> (artifact id: '365745072d9cf1c8f78c7aca9f76f92d') in 0.024537 seconds 
  Import took 0.029972 seconds .

========================================================================
Received Import Request.
  Time since last request: 2.189346 seconds.
  path: Assets/Prefabs/Octave.prefab
  artifactKey: Guid(dbdf27c5ebf9bdc4e85482ed31eeefe4) Importer(815301076,1909f56bfc062723c751e8b465ee728b)
Start importing Assets/Prefabs/Octave.prefab using Guid(dbdf27c5ebf9bdc4e85482ed31eeefe4) Importer(815301076,1909f56bfc062723c751e8b465ee728b)  -> (artifact id: '5e7ea0d143377f0811acc27d62782267') in 0.022570 seconds 
  Import took 0.027818 seconds .

========================================================================
Received Import Request.
  Time since last request: 8.156607 seconds.
  path: Assets/Prefabs/Octave.prefab
  artifactKey: Guid(dbdf27c5ebf9bdc4e85482ed31eeefe4) Importer(815301076,1909f56bfc062723c751e8b465ee728b)
Start importing Assets/Prefabs/Octave.prefab using Guid(dbdf27c5ebf9bdc4e85482ed31eeefe4) Importer(815301076,1909f56bfc062723c751e8b465ee728b)  -> (artifact id: '2acc4d788bcbde3bdfa35dd3377041a8') in 0.024179 seconds 
  Import took 0.030161 seconds .

========================================================================
Received Import Request.
  Time since last request: 4.246695 seconds.
  path: Assets/Prefabs/Octave.prefab
  artifactKey: Guid(dbdf27c5ebf9bdc4e85482ed31eeefe4) Importer(815301076,1909f56bfc062723c751e8b465ee728b)
Start importing Assets/Prefabs/Octave.prefab using Guid(dbdf27c5ebf9bdc4e85482ed31eeefe4) Importer(815301076,1909f56bfc062723c751e8b465ee728b)  -> (artifact id: '366a0134dac703a6a354a55d5c4faf45') in 0.026108 seconds 
  Import took 0.032285 seconds .

========================================================================
Received Import Request.
  Time since last request: 20.294055 seconds.
  path: Assets/Prefabs/Octave.prefab
  artifactKey: Guid(dbdf27c5ebf9bdc4e85482ed31eeefe4) Importer(815301076,1909f56bfc062723c751e8b465ee728b)
Start importing Assets/Prefabs/Octave.prefab using Guid(dbdf27c5ebf9bdc4e85482ed31eeefe4) Importer(815301076,1909f56bfc062723c751e8b465ee728b)  -> (artifact id: '91bd15bd17254026036b820526d7434c') in 0.025580 seconds 
  Import took 0.029807 seconds .

========================================================================
Received Import Request.
  Time since last request: 17.970430 seconds.
  path: Assets/Prefabs/Octave.prefab
  artifactKey: Guid(dbdf27c5ebf9bdc4e85482ed31eeefe4) Importer(815301076,1909f56bfc062723c751e8b465ee728b)
Start importing Assets/Prefabs/Octave.prefab using Guid(dbdf27c5ebf9bdc4e85482ed31eeefe4) Importer(815301076,1909f56bfc062723c751e8b465ee728b)  -> (artifact id: 'bf70c3a7731b8d813a125cab8f55d24d') in 0.026421 seconds 
  Import took 0.031318 seconds .

========================================================================
Received Import Request.
  Time since last request: 13.529392 seconds.
  path: Assets/Prefabs/Octave.prefab
  artifactKey: Guid(dbdf27c5ebf9bdc4e85482ed31eeefe4) Importer(815301076,1909f56bfc062723c751e8b465ee728b)
Start importing Assets/Prefabs/Octave.prefab using Guid(dbdf27c5ebf9bdc4e85482ed31eeefe4) Importer(815301076,1909f56bfc062723c751e8b465ee728b)  -> (artifact id: '7f93df3c5f79fb31edb75d61d631a76a') in 0.028460 seconds 
  Import took 0.033647 seconds .

========================================================================
Received Import Request.
  Time since last request: 2.809206 seconds.
  path: Assets/Prefabs/Octave.prefab
  artifactKey: Guid(dbdf27c5ebf9bdc4e85482ed31eeefe4) Importer(815301076,1909f56bfc062723c751e8b465ee728b)
Start importing Assets/Prefabs/Octave.prefab using Guid(dbdf27c5ebf9bdc4e85482ed31eeefe4) Importer(815301076,1909f56bfc062723c751e8b465ee728b)  -> (artifact id: '771bcf5e951f8812da8697914f939153') in 0.023359 seconds 
  Import took 0.027941 seconds .

========================================================================
Received Import Request.
  Time since last request: 5.058853 seconds.
  path: Assets/Prefabs/Octave.prefab
  artifactKey: Guid(dbdf27c5ebf9bdc4e85482ed31eeefe4) Importer(815301076,1909f56bfc062723c751e8b465ee728b)
Start importing Assets/Prefabs/Octave.prefab using Guid(dbdf27c5ebf9bdc4e85482ed31eeefe4) Importer(815301076,1909f56bfc062723c751e8b465ee728b)  -> (artifact id: 'ba9db0d29bbeb863da17daf12c45a167') in 0.030797 seconds 
  Import took 0.037528 seconds .

========================================================================
Received Import Request.
  Time since last request: 7.705825 seconds.
  path: Assets/Prefabs/Octave.prefab
  artifactKey: Guid(dbdf27c5ebf9bdc4e85482ed31eeefe4) Importer(815301076,1909f56bfc062723c751e8b465ee728b)
Start importing Assets/Prefabs/Octave.prefab using Guid(dbdf27c5ebf9bdc4e85482ed31eeefe4) Importer(815301076,1909f56bfc062723c751e8b465ee728b)  -> (artifact id: '77240124339e437b2dc85c1b30fe88d0') in 0.024675 seconds 
  Import took 0.029507 seconds .

========================================================================
Received Import Request.
  Time since last request: 2.383687 seconds.
  path: Assets/Prefabs/Octave.prefab
  artifactKey: Guid(dbdf27c5ebf9bdc4e85482ed31eeefe4) Importer(815301076,1909f56bfc062723c751e8b465ee728b)
Start importing Assets/Prefabs/Octave.prefab using Guid(dbdf27c5ebf9bdc4e85482ed31eeefe4) Importer(815301076,1909f56bfc062723c751e8b465ee728b)  -> (artifact id: '6c97075d9eab405600ac76f95bdc6964') in 0.022997 seconds 
  Import took 0.028422 seconds .

========================================================================
Received Import Request.
  Time since last request: 46.689504 seconds.
  path: Assets/Prefabs/Octave.prefab
  artifactKey: Guid(dbdf27c5ebf9bdc4e85482ed31eeefe4) Importer(815301076,1909f56bfc062723c751e8b465ee728b)
Start importing Assets/Prefabs/Octave.prefab using Guid(dbdf27c5ebf9bdc4e85482ed31eeefe4) Importer(815301076,1909f56bfc062723c751e8b465ee728b)  -> (artifact id: 'd820ab4e8a66afa0339ee9470cdae89a') in 0.027657 seconds 
  Import took 0.032950 seconds .

========================================================================
Received Import Request.
  Time since last request: 13.363234 seconds.
  path: Assets/Prefabs/Octave.prefab
  artifactKey: Guid(dbdf27c5ebf9bdc4e85482ed31eeefe4) Importer(815301076,1909f56bfc062723c751e8b465ee728b)
Start importing Assets/Prefabs/Octave.prefab using Guid(dbdf27c5ebf9bdc4e85482ed31eeefe4) Importer(815301076,1909f56bfc062723c751e8b465ee728b)  -> (artifact id: '103cb8f8b0956d2292bf71a6a6edb005') in 0.023416 seconds 
  Import took 0.027792 seconds .

========================================================================
Received Import Request.
  Time since last request: 10.697475 seconds.
  path: Assets/Prefabs/Octave.prefab
  artifactKey: Guid(dbdf27c5ebf9bdc4e85482ed31eeefe4) Importer(815301076,1909f56bfc062723c751e8b465ee728b)
Start importing Assets/Prefabs/Octave.prefab using Guid(dbdf27c5ebf9bdc4e85482ed31eeefe4) Importer(815301076,1909f56bfc062723c751e8b465ee728b)  -> (artifact id: '544bbd471a51b7947ef171a96880f859') in 0.027872 seconds 
  Import took 0.033635 seconds .

========================================================================
Received Import Request.
  Time since last request: 3.013377 seconds.
  path: Assets/Prefabs/Octave.prefab
  artifactKey: Guid(dbdf27c5ebf9bdc4e85482ed31eeefe4) Importer(815301076,1909f56bfc062723c751e8b465ee728b)
Start importing Assets/Prefabs/Octave.prefab using Guid(dbdf27c5ebf9bdc4e85482ed31eeefe4) Importer(815301076,1909f56bfc062723c751e8b465ee728b)  -> (artifact id: 'eb364364d7f17471e77f373860c69b41') in 0.024211 seconds 
  Import took 0.028084 seconds .

========================================================================
Received Import Request.
  Time since last request: 2.790433 seconds.
  path: Assets/Prefabs/Octave.prefab
  artifactKey: Guid(dbdf27c5ebf9bdc4e85482ed31eeefe4) Importer(815301076,1909f56bfc062723c751e8b465ee728b)
Start importing Assets/Prefabs/Octave.prefab using Guid(dbdf27c5ebf9bdc4e85482ed31eeefe4) Importer(815301076,1909f56bfc062723c751e8b465ee728b)  -> (artifact id: 'cd984eeee4eed4bed6375deaec17c556') in 0.023742 seconds 
  Import took 0.028615 seconds .

========================================================================
Received Import Request.
  Time since last request: 11.289385 seconds.
  path: Assets/Prefabs/Octave.prefab
  artifactKey: Guid(dbdf27c5ebf9bdc4e85482ed31eeefe4) Importer(815301076,1909f56bfc062723c751e8b465ee728b)
Start importing Assets/Prefabs/Octave.prefab using Guid(dbdf27c5ebf9bdc4e85482ed31eeefe4) Importer(815301076,1909f56bfc062723c751e8b465ee728b)  -> (artifact id: '6e3b174222149ddad6820b4f9ad34589') in 0.024851 seconds 
  Import took 0.031007 seconds .

========================================================================
Received Import Request.
  Time since last request: 7.076991 seconds.
  path: Assets/Prefabs/Octave.prefab
  artifactKey: Guid(dbdf27c5ebf9bdc4e85482ed31eeefe4) Importer(815301076,1909f56bfc062723c751e8b465ee728b)
Start importing Assets/Prefabs/Octave.prefab using Guid(dbdf27c5ebf9bdc4e85482ed31eeefe4) Importer(815301076,1909f56bfc062723c751e8b465ee728b)  -> (artifact id: '939ce8da045645ebfd33ad3a54d8f464') in 0.028138 seconds 
  Import took 0.033530 seconds .

========================================================================
Received Import Request.
  Time since last request: 3.385149 seconds.
  path: Assets/Prefabs/Octave.prefab
  artifactKey: Guid(dbdf27c5ebf9bdc4e85482ed31eeefe4) Importer(815301076,1909f56bfc062723c751e8b465ee728b)
Start importing Assets/Prefabs/Octave.prefab using Guid(dbdf27c5ebf9bdc4e85482ed31eeefe4) Importer(815301076,1909f56bfc062723c751e8b465ee728b)  -> (artifact id: 'b367c5932b7f555f464b2a2d53407a89') in 0.026717 seconds 
  Import took 0.031350 seconds .

========================================================================
Received Prepare
Registering precompiled user dll's ...
Registered in 0.011374 seconds.
Begin MonoManager ReloadAssembly
Native extension for WindowsStandalone target not found
Native extension for WebGL target not found
Refreshing native plugins compatible for Editor in 0.78 ms, found 2 plugins.
Preloading 0 native plugins for Editor in 0.00 ms.
Mono: successfully reloaded assembly
- Completed reload, in  1.592 seconds
Domain Reload Profiling:
	ReloadAssembly (1592ms)
		BeginReloadAssembly (201ms)
			ExecutionOrderSort (0ms)
			DisableScriptedObjects (6ms)
			BackupInstance (0ms)
			ReleaseScriptingObjects (0ms)
			CreateAndSetChildDomain (53ms)
		EndReloadAssembly (1276ms)
			LoadAssemblies (166ms)
			RebuildTransferFunctionScriptingTraits (0ms)
			SetupTypeCache (404ms)
			ReleaseScriptCaches (1ms)
			RebuildScriptCaches (58ms)
			SetupLoadedEditorAssemblies (512ms)
				LogAssemblyErrors (0ms)
				InitializePlatformSupportModulesInManaged (15ms)
				SetLoadedEditorAssemblies (1ms)
				RefreshPlugins (1ms)
				BeforeProcessingInitializeOnLoad (146ms)
				ProcessInitializeOnLoadAttributes (339ms)
				ProcessInitializeOnLoadMethodAttributes (6ms)
				AfterProcessingInitializeOnLoad (4ms)
				EditorAssembliesLoaded (1ms)
			ExecutionOrderSort2 (0ms)
			AwakeInstancesAfterBackupRestoration (11ms)
Platform modules already initialized, skipping
Refreshing native plugins compatible for Editor in 0.48 ms, found 2 plugins.
Preloading 0 native plugins for Editor in 0.00 ms.
Unloading 1389 Unused Serialized files (Serialized files now loaded: 0)
System memory in use before: 68.5 MB.
System memory in use after: 68.6 MB.

Unloading 14 unused Assets to reduce memory usage. Loaded Objects now: 1871.
Total: 2.640800 ms (FindLiveObjects: 0.229700 ms CreateObjectMapping: 0.046100 ms MarkObjects: 2.280600 ms  DeleteObjects: 0.082500 ms)

AssetImportParameters requested are different than current active one (requested -> active):
  custom:framework-win-MediaFoundation: 216162199b28c13a410421893ffa2e32 -> 
  custom:video-decoder-ogg-theora: a1e56fd34408186e4bbccfd4996cb3dc -> 
  custom:container-muxer-webm: aa71ff27fc2769a1b78a27578f13a17b -> 
  custom:container-demuxer-webm: 4f35f7cbe854078d1ac9338744f61a02 -> 
  custom:container-demuxer-ogg: 62fdf1f143b41e24485cea50d1cbac27 -> 
  custom:video-encoder-webm-vp8: eb34c28f22e8b96e1ab97ce403110664 -> 
  custom:video-decoder-webm-vp8: 9c59270c3fd7afecdb556c50c9e8de78 -> 
  custom:audio-decoder-ogg-vorbis: bf7c407c2cedff20999df2af8eb42d56 -> 
  custom:audio-encoder-webm-vorbis: bf7c407c2cedff20999df2af8eb42d56 -> 
========================================================================
Received Import Request.
  Time since last request: 297.266007 seconds.
  path: Assets/Prefabs/Octave.prefab
  artifactKey: Guid(dbdf27c5ebf9bdc4e85482ed31eeefe4) Importer(815301076,1909f56bfc062723c751e8b465ee728b)
Start importing Assets/Prefabs/Octave.prefab using Guid(dbdf27c5ebf9bdc4e85482ed31eeefe4) Importer(815301076,1909f56bfc062723c751e8b465ee728b)  -> (artifact id: '447ec5601258d0457e5cd56d5806ad93') in 0.082725 seconds 
  Import took 0.086574 seconds .

========================================================================
Received Import Request.
  Time since last request: 2.139498 seconds.
  path: Assets/Prefabs/Octave.prefab
  artifactKey: Guid(dbdf27c5ebf9bdc4e85482ed31eeefe4) Importer(815301076,1909f56bfc062723c751e8b465ee728b)
Start importing Assets/Prefabs/Octave.prefab using Guid(dbdf27c5ebf9bdc4e85482ed31eeefe4) Importer(815301076,1909f56bfc062723c751e8b465ee728b)  -> (artifact id: '447ec5601258d0457e5cd56d5806ad93') in 0.021333 seconds 
  Import took 0.026016 seconds .

========================================================================
Received Prepare
Registering precompiled user dll's ...
Registered in 0.010544 seconds.
Begin MonoManager ReloadAssembly
Native extension for WindowsStandalone target not found
Native extension for WebGL target not found
Refreshing native plugins compatible for Editor in 0.52 ms, found 2 plugins.
Preloading 0 native plugins for Editor in 0.00 ms.
Mono: successfully reloaded assembly
- Completed reload, in  1.957 seconds
Domain Reload Profiling:
	ReloadAssembly (1958ms)
		BeginReloadAssembly (220ms)
			ExecutionOrderSort (0ms)
			DisableScriptedObjects (12ms)
			BackupInstance (0ms)
			ReleaseScriptingObjects (0ms)
			CreateAndSetChildDomain (67ms)
		EndReloadAssembly (1616ms)
			LoadAssemblies (162ms)
			RebuildTransferFunctionScriptingTraits (0ms)
			SetupTypeCache (516ms)
			ReleaseScriptCaches (2ms)
			RebuildScriptCaches (99ms)
			SetupLoadedEditorAssemblies (650ms)
				LogAssemblyErrors (0ms)
				InitializePlatformSupportModulesInManaged (11ms)
				SetLoadedEditorAssemblies (1ms)
				RefreshPlugins (1ms)
				BeforeProcessingInitializeOnLoad (172ms)
				ProcessInitializeOnLoadAttributes (450ms)
				ProcessInitializeOnLoadMethodAttributes (10ms)
				AfterProcessingInitializeOnLoad (5ms)
				EditorAssembliesLoaded (1ms)
			ExecutionOrderSort2 (0ms)
			AwakeInstancesAfterBackupRestoration (18ms)
Platform modules already initialized, skipping
Refreshing native plugins compatible for Editor in 1.20 ms, found 2 plugins.
Preloading 0 native plugins for Editor in 0.00 ms.
Unloading 1389 Unused Serialized files (Serialized files now loaded: 0)
System memory in use before: 68.5 MB.
System memory in use after: 68.6 MB.

Unloading 14 unused Assets to reduce memory usage. Loaded Objects now: 1874.
Total: 4.899400 ms (FindLiveObjects: 0.255900 ms CreateObjectMapping: 0.110700 ms MarkObjects: 4.449600 ms  DeleteObjects: 0.081400 ms)

AssetImportParameters requested are different than current active one (requested -> active):
  custom:framework-win-MediaFoundation: 216162199b28c13a410421893ffa2e32 -> 
  custom:video-decoder-ogg-theora: a1e56fd34408186e4bbccfd4996cb3dc -> 
  custom:container-muxer-webm: aa71ff27fc2769a1b78a27578f13a17b -> 
  custom:container-demuxer-webm: 4f35f7cbe854078d1ac9338744f61a02 -> 
  custom:container-demuxer-ogg: 62fdf1f143b41e24485cea50d1cbac27 -> 
  custom:video-encoder-webm-vp8: eb34c28f22e8b96e1ab97ce403110664 -> 
  custom:video-decoder-webm-vp8: 9c59270c3fd7afecdb556c50c9e8de78 -> 
  custom:audio-decoder-ogg-vorbis: bf7c407c2cedff20999df2af8eb42d56 -> 
  custom:audio-encoder-webm-vorbis: bf7c407c2cedff20999df2af8eb42d56 -> 
========================================================================
Received Import Request.
  Time since last request: 14.260893 seconds.
  path: Assets/Prefabs/Octave.prefab
  artifactKey: Guid(dbdf27c5ebf9bdc4e85482ed31eeefe4) Importer(815301076,1909f56bfc062723c751e8b465ee728b)
Start importing Assets/Prefabs/Octave.prefab using Guid(dbdf27c5ebf9bdc4e85482ed31eeefe4) Importer(815301076,1909f56bfc062723c751e8b465ee728b)  -> (artifact id: '6bb378d6b44b1c023e3aa200a9f8cac9') in 0.113833 seconds 
  Import took 0.118422 seconds .

========================================================================
Received Prepare
Registering precompiled user dll's ...
Registered in 0.006170 seconds.
Begin MonoManager ReloadAssembly
Native extension for WindowsStandalone target not found
Native extension for WebGL target not found
Refreshing native plugins compatible for Editor in 0.58 ms, found 2 plugins.
Preloading 0 native plugins for Editor in 0.00 ms.
Mono: successfully reloaded assembly
- Completed reload, in  1.559 seconds
Domain Reload Profiling:
	ReloadAssembly (1560ms)
		BeginReloadAssembly (169ms)
			ExecutionOrderSort (0ms)
			DisableScriptedObjects (6ms)
			BackupInstance (0ms)
			ReleaseScriptingObjects (0ms)
			CreateAndSetChildDomain (43ms)
		EndReloadAssembly (1301ms)
			LoadAssemblies (146ms)
			RebuildTransferFunctionScriptingTraits (0ms)
			SetupTypeCache (458ms)
			ReleaseScriptCaches (1ms)
			RebuildScriptCaches (80ms)
			SetupLoadedEditorAssemblies (493ms)
				LogAssemblyErrors (0ms)
				InitializePlatformSupportModulesInManaged (11ms)
				SetLoadedEditorAssemblies (1ms)
				RefreshPlugins (1ms)
				BeforeProcessingInitializeOnLoad (118ms)
				ProcessInitializeOnLoadAttributes (352ms)
				ProcessInitializeOnLoadMethodAttributes (6ms)
				AfterProcessingInitializeOnLoad (3ms)
				EditorAssembliesLoaded (0ms)
			ExecutionOrderSort2 (0ms)
			AwakeInstancesAfterBackupRestoration (11ms)
Platform modules already initialized, skipping
Refreshing native plugins compatible for Editor in 0.43 ms, found 2 plugins.
Preloading 0 native plugins for Editor in 0.00 ms.
Unloading 1389 Unused Serialized files (Serialized files now loaded: 0)
System memory in use before: 68.6 MB.
System memory in use after: 68.6 MB.

Unloading 14 unused Assets to reduce memory usage. Loaded Objects now: 1877.
Total: 2.609500 ms (FindLiveObjects: 0.215000 ms CreateObjectMapping: 0.047000 ms MarkObjects: 2.266600 ms  DeleteObjects: 0.079400 ms)

AssetImportParameters requested are different than current active one (requested -> active):
  custom:framework-win-MediaFoundation: 216162199b28c13a410421893ffa2e32 -> 
  custom:video-decoder-ogg-theora: a1e56fd34408186e4bbccfd4996cb3dc -> 
  custom:container-muxer-webm: aa71ff27fc2769a1b78a27578f13a17b -> 
  custom:container-demuxer-webm: 4f35f7cbe854078d1ac9338744f61a02 -> 
  custom:container-demuxer-ogg: 62fdf1f143b41e24485cea50d1cbac27 -> 
  custom:video-encoder-webm-vp8: eb34c28f22e8b96e1ab97ce403110664 -> 
  custom:video-decoder-webm-vp8: 9c59270c3fd7afecdb556c50c9e8de78 -> 
  custom:audio-decoder-ogg-vorbis: bf7c407c2cedff20999df2af8eb42d56 -> 
  custom:audio-encoder-webm-vorbis: bf7c407c2cedff20999df2af8eb42d56 -> 
========================================================================
Received Import Request.
  Time since last request: 37.345622 seconds.
  path: Assets/Prefabs/Octave.prefab
  artifactKey: Guid(dbdf27c5ebf9bdc4e85482ed31eeefe4) Importer(815301076,1909f56bfc062723c751e8b465ee728b)
Start importing Assets/Prefabs/Octave.prefab using Guid(dbdf27c5ebf9bdc4e85482ed31eeefe4) Importer(815301076,1909f56bfc062723c751e8b465ee728b)  -> (artifact id: '29a4fa6c1555cf293914bb4049809c9f') in 0.104915 seconds 
  Import took 0.108662 seconds .

========================================================================
Received Import Request.
  Time since last request: 4.256866 seconds.
  path: Assets/Prefabs/Octave.prefab
  artifactKey: Guid(dbdf27c5ebf9bdc4e85482ed31eeefe4) Importer(815301076,1909f56bfc062723c751e8b465ee728b)
Start importing Assets/Prefabs/Octave.prefab using Guid(dbdf27c5ebf9bdc4e85482ed31eeefe4) Importer(815301076,1909f56bfc062723c751e8b465ee728b)  -> (artifact id: 'b689967135890ba4f886dbdc2bc018f5') in 0.020561 seconds 
  Import took 0.024993 seconds .

========================================================================
Received Import Request.
  Time since last request: 1.573508 seconds.
  path: Assets/Prefabs/Octave.prefab
  artifactKey: Guid(dbdf27c5ebf9bdc4e85482ed31eeefe4) Importer(815301076,1909f56bfc062723c751e8b465ee728b)
Start importing Assets/Prefabs/Octave.prefab using Guid(dbdf27c5ebf9bdc4e85482ed31eeefe4) Importer(815301076,1909f56bfc062723c751e8b465ee728b)  -> (artifact id: '3006f32c7034c4d8b7dbee006d2d1b44') in 0.025503 seconds 
  Import took 0.029756 seconds .

========================================================================
Received Import Request.
  Time since last request: 3.823965 seconds.
  path: Assets/Prefabs/Octave.prefab
  artifactKey: Guid(dbdf27c5ebf9bdc4e85482ed31eeefe4) Importer(815301076,1909f56bfc062723c751e8b465ee728b)
Start importing Assets/Prefabs/Octave.prefab using Guid(dbdf27c5ebf9bdc4e85482ed31eeefe4) Importer(815301076,1909f56bfc062723c751e8b465ee728b)  -> (artifact id: 'dba6103f08be95f7b6b735920945d9db') in 0.027180 seconds 
  Import took 0.035149 seconds .

========================================================================
Received Import Request.
  Time since last request: 1.984835 seconds.
  path: Assets/Prefabs/Octave.prefab
  artifactKey: Guid(dbdf27c5ebf9bdc4e85482ed31eeefe4) Importer(815301076,1909f56bfc062723c751e8b465ee728b)
Start importing Assets/Prefabs/Octave.prefab using Guid(dbdf27c5ebf9bdc4e85482ed31eeefe4) Importer(815301076,1909f56bfc062723c751e8b465ee728b)  -> (artifact id: '2aea71fc550ab2193b261c629e219202') in 0.037599 seconds 
  Import took 0.043347 seconds .

========================================================================
Received Import Request.
  Time since last request: 4.840299 seconds.
  path: Assets/Prefabs/Octave.prefab
  artifactKey: Guid(dbdf27c5ebf9bdc4e85482ed31eeefe4) Importer(815301076,1909f56bfc062723c751e8b465ee728b)
Start importing Assets/Prefabs/Octave.prefab using Guid(dbdf27c5ebf9bdc4e85482ed31eeefe4) Importer(815301076,1909f56bfc062723c751e8b465ee728b)  -> (artifact id: 'cfd01a4a6743beb3f1aba7e2feb62224') in 0.024405 seconds 
  Import took 0.029590 seconds .

========================================================================
Received Import Request.
  Time since last request: 3.849383 seconds.
  path: Assets/Prefabs/Octave.prefab
  artifactKey: Guid(dbdf27c5ebf9bdc4e85482ed31eeefe4) Importer(815301076,1909f56bfc062723c751e8b465ee728b)
Start importing Assets/Prefabs/Octave.prefab using Guid(dbdf27c5ebf9bdc4e85482ed31eeefe4) Importer(815301076,1909f56bfc062723c751e8b465ee728b)  -> (artifact id: 'e70e025ddbf041324453fbb4c95c39cc') in 0.041080 seconds 
  Import took 0.047218 seconds .

========================================================================
Received Import Request.
  Time since last request: 3.842746 seconds.
  path: Assets/Prefabs/Octave.prefab
  artifactKey: Guid(dbdf27c5ebf9bdc4e85482ed31eeefe4) Importer(815301076,1909f56bfc062723c751e8b465ee728b)
Start importing Assets/Prefabs/Octave.prefab using Guid(dbdf27c5ebf9bdc4e85482ed31eeefe4) Importer(815301076,1909f56bfc062723c751e8b465ee728b)  -> (artifact id: 'bf49a1232090620cf948441f1934f4c6') in 0.020371 seconds 
  Import took 0.025150 seconds .

========================================================================
Received Import Request.
  Time since last request: 1.385989 seconds.
  path: Assets/Prefabs/Octave.prefab
  artifactKey: Guid(dbdf27c5ebf9bdc4e85482ed31eeefe4) Importer(815301076,1909f56bfc062723c751e8b465ee728b)
Start importing Assets/Prefabs/Octave.prefab using Guid(dbdf27c5ebf9bdc4e85482ed31eeefe4) Importer(815301076,1909f56bfc062723c751e8b465ee728b)  -> (artifact id: '0eb30fea4d4bbd9e6e4338c3bfed9881') in 0.023549 seconds 
  Import took 0.028531 seconds .

========================================================================
Received Import Request.
  Time since last request: 2.799271 seconds.
  path: Assets/Prefabs/Octave.prefab
  artifactKey: Guid(dbdf27c5ebf9bdc4e85482ed31eeefe4) Importer(815301076,1909f56bfc062723c751e8b465ee728b)
Start importing Assets/Prefabs/Octave.prefab using Guid(dbdf27c5ebf9bdc4e85482ed31eeefe4) Importer(815301076,1909f56bfc062723c751e8b465ee728b)  -> (artifact id: 'af5359259e5561bc7ebd59109681a898') in 0.022081 seconds 
  Import took 0.026457 seconds .

========================================================================
Received Import Request.
  Time since last request: 1.001148 seconds.
  path: Assets/Prefabs/Octave.prefab
  artifactKey: Guid(dbdf27c5ebf9bdc4e85482ed31eeefe4) Importer(815301076,1909f56bfc062723c751e8b465ee728b)
Start importing Assets/Prefabs/Octave.prefab using Guid(dbdf27c5ebf9bdc4e85482ed31eeefe4) Importer(815301076,1909f56bfc062723c751e8b465ee728b)  -> (artifact id: '0ccedded7463c26f87fdfdb972d0b540') in 0.031364 seconds 
  Import took 0.037084 seconds .

========================================================================
Received Import Request.
  Time since last request: 14.614870 seconds.
  path: Assets/Prefabs/Octave.prefab
  artifactKey: Guid(dbdf27c5ebf9bdc4e85482ed31eeefe4) Importer(815301076,1909f56bfc062723c751e8b465ee728b)
Start importing Assets/Prefabs/Octave.prefab using Guid(dbdf27c5ebf9bdc4e85482ed31eeefe4) Importer(815301076,1909f56bfc062723c751e8b465ee728b)  -> (artifact id: '732afa15c58276c9c00e5297743678a3') in 0.026055 seconds 
  Import took 0.034388 seconds .

========================================================================
Received Import Request.
  Time since last request: 3.621414 seconds.
  path: Assets/Prefabs/Octave.prefab
  artifactKey: Guid(dbdf27c5ebf9bdc4e85482ed31eeefe4) Importer(815301076,1909f56bfc062723c751e8b465ee728b)
Start importing Assets/Prefabs/Octave.prefab using Guid(dbdf27c5ebf9bdc4e85482ed31eeefe4) Importer(815301076,1909f56bfc062723c751e8b465ee728b)  -> (artifact id: '07b24053c28720bfb47654ba9dfb2e79') in 0.025257 seconds 
  Import took 0.029247 seconds .

========================================================================
Received Import Request.
  Time since last request: 9.345654 seconds.
  path: Assets/Prefabs/Octave.prefab
  artifactKey: Guid(dbdf27c5ebf9bdc4e85482ed31eeefe4) Importer(815301076,1909f56bfc062723c751e8b465ee728b)
Start importing Assets/Prefabs/Octave.prefab using Guid(dbdf27c5ebf9bdc4e85482ed31eeefe4) Importer(815301076,1909f56bfc062723c751e8b465ee728b)  -> (artifact id: '496d5c00eac8122311079450499f2f48') in 0.023913 seconds 
  Import took 0.028851 seconds .

========================================================================
Received Import Request.
  Time since last request: 4.263259 seconds.
  path: Assets/Prefabs/Octave.prefab
  artifactKey: Guid(dbdf27c5ebf9bdc4e85482ed31eeefe4) Importer(815301076,1909f56bfc062723c751e8b465ee728b)
Start importing Assets/Prefabs/Octave.prefab using Guid(dbdf27c5ebf9bdc4e85482ed31eeefe4) Importer(815301076,1909f56bfc062723c751e8b465ee728b)  -> (artifact id: 'b44c9a9a815f592b27791a6a6c77bf6f') in 0.031455 seconds 
  Import took 0.037793 seconds .

========================================================================
Received Import Request.
  Time since last request: 5.253020 seconds.
  path: Assets/Prefabs/Octave.prefab
  artifactKey: Guid(dbdf27c5ebf9bdc4e85482ed31eeefe4) Importer(815301076,1909f56bfc062723c751e8b465ee728b)
Start importing Assets/Prefabs/Octave.prefab using Guid(dbdf27c5ebf9bdc4e85482ed31eeefe4) Importer(815301076,1909f56bfc062723c751e8b465ee728b)  -> (artifact id: '061537927bd4ba0072a2ebfb7da6af6f') in 0.026766 seconds 
  Import took 0.031447 seconds .

========================================================================
Received Import Request.
  Time since last request: 3.416430 seconds.
  path: Assets/Prefabs/Octave.prefab
  artifactKey: Guid(dbdf27c5ebf9bdc4e85482ed31eeefe4) Importer(815301076,1909f56bfc062723c751e8b465ee728b)
Start importing Assets/Prefabs/Octave.prefab using Guid(dbdf27c5ebf9bdc4e85482ed31eeefe4) Importer(815301076,1909f56bfc062723c751e8b465ee728b)  -> (artifact id: 'fb6e85b3ff6e6e57607fd467e958a264') in 0.029629 seconds 
  Import took 0.034367 seconds .

========================================================================
Received Import Request.
  Time since last request: 0.971685 seconds.
  path: Assets/Prefabs/Octave.prefab
  artifactKey: Guid(dbdf27c5ebf9bdc4e85482ed31eeefe4) Importer(815301076,1909f56bfc062723c751e8b465ee728b)
Start importing Assets/Prefabs/Octave.prefab using Guid(dbdf27c5ebf9bdc4e85482ed31eeefe4) Importer(815301076,1909f56bfc062723c751e8b465ee728b)  -> (artifact id: '5df30cea42a2a82794b1254d4034c77e') in 0.018305 seconds 
  Import took 0.023158 seconds .

========================================================================
Received Import Request.
  Time since last request: 5.874271 seconds.
  path: Assets/Prefabs/Octave.prefab
  artifactKey: Guid(dbdf27c5ebf9bdc4e85482ed31eeefe4) Importer(815301076,1909f56bfc062723c751e8b465ee728b)
Start importing Assets/Prefabs/Octave.prefab using Guid(dbdf27c5ebf9bdc4e85482ed31eeefe4) Importer(815301076,1909f56bfc062723c751e8b465ee728b)  -> (artifact id: 'a50e6fe70f453b6e74fab3868bcf060b') in 0.025107 seconds 
  Import took 0.029700 seconds .

========================================================================
Received Import Request.
  Time since last request: 3.219478 seconds.
  path: Assets/Prefabs/Octave.prefab
  artifactKey: Guid(dbdf27c5ebf9bdc4e85482ed31eeefe4) Importer(815301076,1909f56bfc062723c751e8b465ee728b)
Start importing Assets/Prefabs/Octave.prefab using Guid(dbdf27c5ebf9bdc4e85482ed31eeefe4) Importer(815301076,1909f56bfc062723c751e8b465ee728b)  -> (artifact id: '0496a2b454b53c35f3aada0118a7134d') in 0.029452 seconds 
  Import took 0.033652 seconds .

========================================================================
Received Import Request.
  Time since last request: 10.971593 seconds.
  path: Assets/Prefabs/Octave.prefab
  artifactKey: Guid(dbdf27c5ebf9bdc4e85482ed31eeefe4) Importer(815301076,1909f56bfc062723c751e8b465ee728b)
Start importing Assets/Prefabs/Octave.prefab using Guid(dbdf27c5ebf9bdc4e85482ed31eeefe4) Importer(815301076,1909f56bfc062723c751e8b465ee728b)  -> (artifact id: 'be6a0a5d10f4359e27463a1a8d210e47') in 0.024521 seconds 
  Import took 0.029855 seconds .

========================================================================
Received Import Request.
  Time since last request: 5.889174 seconds.
  path: Assets/Prefabs/Octave.prefab
  artifactKey: Guid(dbdf27c5ebf9bdc4e85482ed31eeefe4) Importer(815301076,1909f56bfc062723c751e8b465ee728b)
Start importing Assets/Prefabs/Octave.prefab using Guid(dbdf27c5ebf9bdc4e85482ed31eeefe4) Importer(815301076,1909f56bfc062723c751e8b465ee728b)  -> (artifact id: '7af1597115c7022518f6e24ea1603438') in 0.032731 seconds 
  Import took 0.037052 seconds .

========================================================================
Received Import Request.
  Time since last request: 4.059330 seconds.
  path: Assets/Prefabs/Octave.prefab
  artifactKey: Guid(dbdf27c5ebf9bdc4e85482ed31eeefe4) Importer(815301076,1909f56bfc062723c751e8b465ee728b)
Start importing Assets/Prefabs/Octave.prefab using Guid(dbdf27c5ebf9bdc4e85482ed31eeefe4) Importer(815301076,1909f56bfc062723c751e8b465ee728b)  -> (artifact id: '890adad3807614e249f912518b3ed79f') in 0.027988 seconds 
  Import took 0.032828 seconds .

========================================================================
Received Import Request.
  Time since last request: 2.611191 seconds.
  path: Assets/Prefabs/Octave.prefab
  artifactKey: Guid(dbdf27c5ebf9bdc4e85482ed31eeefe4) Importer(815301076,1909f56bfc062723c751e8b465ee728b)
Start importing Assets/Prefabs/Octave.prefab using Guid(dbdf27c5ebf9bdc4e85482ed31eeefe4) Importer(815301076,1909f56bfc062723c751e8b465ee728b)  -> (artifact id: '9c741bebf6626eec3829bf269cc61eb2') in 0.030262 seconds 
  Import took 0.035067 seconds .

========================================================================
Received Import Request.
  Time since last request: 2.188909 seconds.
  path: Assets/Prefabs/Octave.prefab
  artifactKey: Guid(dbdf27c5ebf9bdc4e85482ed31eeefe4) Importer(815301076,1909f56bfc062723c751e8b465ee728b)
Start importing Assets/Prefabs/Octave.prefab using Guid(dbdf27c5ebf9bdc4e85482ed31eeefe4) Importer(815301076,1909f56bfc062723c751e8b465ee728b)  -> (artifact id: '5ad3bf09bcab0b33cf4777539ac54c43') in 0.025115 seconds 
  Import took 0.029787 seconds .

========================================================================
Received Import Request.
  Time since last request: 46.815553 seconds.
  path: Assets/Prefabs/Octave.prefab
  artifactKey: Guid(dbdf27c5ebf9bdc4e85482ed31eeefe4) Importer(815301076,1909f56bfc062723c751e8b465ee728b)
Start importing Assets/Prefabs/Octave.prefab using Guid(dbdf27c5ebf9bdc4e85482ed31eeefe4) Importer(815301076,1909f56bfc062723c751e8b465ee728b)  -> (artifact id: 'a46f9a23c42608bf69baa5570c025245') in 0.030287 seconds 
  Import took 0.034506 seconds .

========================================================================
Received Import Request.
  Time since last request: 18.974211 seconds.
  path: Assets/Prefabs/Octave.prefab
  artifactKey: Guid(dbdf27c5ebf9bdc4e85482ed31eeefe4) Importer(815301076,1909f56bfc062723c751e8b465ee728b)
Start importing Assets/Prefabs/Octave.prefab using Guid(dbdf27c5ebf9bdc4e85482ed31eeefe4) Importer(815301076,1909f56bfc062723c751e8b465ee728b)  -> (artifact id: '49ff389733652666f20f96fc18eb078c') in 0.028177 seconds 
  Import took 0.034176 seconds .

========================================================================
Received Import Request.
  Time since last request: 11.010872 seconds.
  path: Assets/Prefabs/Octave.prefab
  artifactKey: Guid(dbdf27c5ebf9bdc4e85482ed31eeefe4) Importer(815301076,1909f56bfc062723c751e8b465ee728b)
Start importing Assets/Prefabs/Octave.prefab using Guid(dbdf27c5ebf9bdc4e85482ed31eeefe4) Importer(815301076,1909f56bfc062723c751e8b465ee728b)  -> (artifact id: '9ebfbf6d9faa77468c807e809c404432') in 0.027487 seconds 
  Import took 0.031969 seconds .

========================================================================
Received Import Request.
  Time since last request: 23.631512 seconds.
  path: Assets/Prefabs/Octave.prefab
  artifactKey: Guid(dbdf27c5ebf9bdc4e85482ed31eeefe4) Importer(815301076,1909f56bfc062723c751e8b465ee728b)
Start importing Assets/Prefabs/Octave.prefab using Guid(dbdf27c5ebf9bdc4e85482ed31eeefe4) Importer(815301076,1909f56bfc062723c751e8b465ee728b)  -> (artifact id: '5a0c4a83c25ccff887df08e70001e212') in 0.030126 seconds 
  Import took 0.035292 seconds .

========================================================================
Received Import Request.
  Time since last request: 10.861375 seconds.
  path: Assets/Prefabs/Octave.prefab
  artifactKey: Guid(dbdf27c5ebf9bdc4e85482ed31eeefe4) Importer(815301076,1909f56bfc062723c751e8b465ee728b)
Start importing Assets/Prefabs/Octave.prefab using Guid(dbdf27c5ebf9bdc4e85482ed31eeefe4) Importer(815301076,1909f56bfc062723c751e8b465ee728b)  -> (artifact id: '728969f6c38dde8f86e1ed426ffbe53d') in 0.028402 seconds 
  Import took 0.033027 seconds .

========================================================================
Received Prepare
Registering precompiled user dll's ...
Registered in 0.014944 seconds.
Begin MonoManager ReloadAssembly
Native extension for WindowsStandalone target not found
Native extension for WebGL target not found
Refreshing native plugins compatible for Editor in 1.10 ms, found 2 plugins.
Preloading 0 native plugins for Editor in 0.00 ms.
Mono: successfully reloaded assembly
- Completed reload, in  2.151 seconds
Domain Reload Profiling:
	ReloadAssembly (2152ms)
		BeginReloadAssembly (231ms)
			ExecutionOrderSort (0ms)
			DisableScriptedObjects (19ms)
			BackupInstance (0ms)
			ReleaseScriptingObjects (0ms)
			CreateAndSetChildDomain (63ms)
		EndReloadAssembly (1799ms)
			LoadAssemblies (202ms)
			RebuildTransferFunctionScriptingTraits (0ms)
			SetupTypeCache (700ms)
			ReleaseScriptCaches (2ms)
			RebuildScriptCaches (101ms)
			SetupLoadedEditorAssemblies (580ms)
				LogAssemblyErrors (0ms)
				InitializePlatformSupportModulesInManaged (12ms)
				SetLoadedEditorAssemblies (1ms)
				RefreshPlugins (1ms)
				BeforeProcessingInitializeOnLoad (148ms)
				ProcessInitializeOnLoadAttributes (405ms)
				ProcessInitializeOnLoadMethodAttributes (8ms)
				AfterProcessingInitializeOnLoad (5ms)
				EditorAssembliesLoaded (1ms)
			ExecutionOrderSort2 (0ms)
			AwakeInstancesAfterBackupRestoration (15ms)
Platform modules already initialized, skipping
Refreshing native plugins compatible for Editor in 0.55 ms, found 2 plugins.
Preloading 0 native plugins for Editor in 0.00 ms.
Unloading 1389 Unused Serialized files (Serialized files now loaded: 0)
System memory in use before: 68.6 MB.
System memory in use after: 68.7 MB.

Unloading 14 unused Assets to reduce memory usage. Loaded Objects now: 1880.
Total: 4.012200 ms (FindLiveObjects: 0.241800 ms CreateObjectMapping: 0.047500 ms MarkObjects: 3.642300 ms  DeleteObjects: 0.078200 ms)

AssetImportParameters requested are different than current active one (requested -> active):
  custom:framework-win-MediaFoundation: 216162199b28c13a410421893ffa2e32 -> 
  custom:video-decoder-ogg-theora: a1e56fd34408186e4bbccfd4996cb3dc -> 
  custom:container-muxer-webm: aa71ff27fc2769a1b78a27578f13a17b -> 
  custom:container-demuxer-webm: 4f35f7cbe854078d1ac9338744f61a02 -> 
  custom:container-demuxer-ogg: 62fdf1f143b41e24485cea50d1cbac27 -> 
  custom:video-encoder-webm-vp8: eb34c28f22e8b96e1ab97ce403110664 -> 
  custom:video-decoder-webm-vp8: 9c59270c3fd7afecdb556c50c9e8de78 -> 
  custom:audio-decoder-ogg-vorbis: bf7c407c2cedff20999df2af8eb42d56 -> 
  custom:audio-encoder-webm-vorbis: bf7c407c2cedff20999df2af8eb42d56 -> 
========================================================================
Received Import Request.
  Time since last request: 79.082432 seconds.
  path: Assets/Prefabs/Piano.prefab
  artifactKey: Guid(99200c2b9d9fb1a428f07b0f9da78d44) Importer(815301076,1909f56bfc062723c751e8b465ee728b)
Start importing Assets/Prefabs/Piano.prefab using Guid(99200c2b9d9fb1a428f07b0f9da78d44) Importer(815301076,1909f56bfc062723c751e8b465ee728b)  -> (artifact id: 'b401dc2fb0a88921433991e598629c0c') in 0.050384 seconds 
  Import took 0.054399 seconds .

========================================================================
Received Import Request.
  Time since last request: 0.048112 seconds.
  path: Assets/Prefabs/Piano.prefab
  artifactKey: Guid(99200c2b9d9fb1a428f07b0f9da78d44) Importer(815301076,1909f56bfc062723c751e8b465ee728b)
Start importing Assets/Prefabs/Piano.prefab using Guid(99200c2b9d9fb1a428f07b0f9da78d44) Importer(815301076,1909f56bfc062723c751e8b465ee728b)  -> (artifact id: 'b401dc2fb0a88921433991e598629c0c') in 0.009347 seconds 
  Import took 0.014058 seconds .

========================================================================
Received Import Request.
  Time since last request: 102.766261 seconds.
  path: Assets/Prefabs/Piano.prefab
  artifactKey: Guid(99200c2b9d9fb1a428f07b0f9da78d44) Importer(815301076,1909f56bfc062723c751e8b465ee728b)
Start importing Assets/Prefabs/Piano.prefab using Guid(99200c2b9d9fb1a428f07b0f9da78d44) Importer(815301076,1909f56bfc062723c751e8b465ee728b)  -> (artifact id: 'b72d1065d84994117e0783ea8950b4f9') in 0.065984 seconds 
  Import took 0.070330 seconds .

========================================================================
Received Import Request.
  Time since last request: 7.913686 seconds.
  path: Assets/Prefabs/Piano.prefab
  artifactKey: Guid(99200c2b9d9fb1a428f07b0f9da78d44) Importer(815301076,1909f56bfc062723c751e8b465ee728b)
Start importing Assets/Prefabs/Piano.prefab using Guid(99200c2b9d9fb1a428f07b0f9da78d44) Importer(815301076,1909f56bfc062723c751e8b465ee728b)  -> (artifact id: 'd0c899e7735c3739c610f01c87f71ca0') in 0.027700 seconds 
  Import took 0.032260 seconds .

========================================================================
Received Import Request.
  Time since last request: 9.954657 seconds.
  path: Assets/Prefabs/Piano.prefab
  artifactKey: Guid(99200c2b9d9fb1a428f07b0f9da78d44) Importer(815301076,1909f56bfc062723c751e8b465ee728b)
Start importing Assets/Prefabs/Piano.prefab using Guid(99200c2b9d9fb1a428f07b0f9da78d44) Importer(815301076,1909f56bfc062723c751e8b465ee728b)  -> (artifact id: '20fdafbbbf77357ce325805ad79e548d') in 0.023063 seconds 
  Import took 0.027753 seconds .

========================================================================
Received Import Request.
  Time since last request: 6.653417 seconds.
  path: Assets/Prefabs/Piano.prefab
  artifactKey: Guid(99200c2b9d9fb1a428f07b0f9da78d44) Importer(815301076,1909f56bfc062723c751e8b465ee728b)
Start importing Assets/Prefabs/Piano.prefab using Guid(99200c2b9d9fb1a428f07b0f9da78d44) Importer(815301076,1909f56bfc062723c751e8b465ee728b)  -> (artifact id: '26e17203231b42df6b5bf21a3363ce2c') in 0.033787 seconds 
  Import took 0.038118 seconds .

========================================================================
Received Import Request.
  Time since last request: 30.629707 seconds.
  path: Assets/Prefabs/Piano.prefab
  artifactKey: Guid(99200c2b9d9fb1a428f07b0f9da78d44) Importer(815301076,1909f56bfc062723c751e8b465ee728b)
Start importing Assets/Prefabs/Piano.prefab using Guid(99200c2b9d9fb1a428f07b0f9da78d44) Importer(815301076,1909f56bfc062723c751e8b465ee728b)  -> (artifact id: 'f49f8e00378cedc80cd02026b6434c3a') in 0.035061 seconds 
  Import took 0.040251 seconds .

========================================================================
Received Import Request.
  Time since last request: 11.536166 seconds.
  path: Assets/Prefabs/Piano.prefab
  artifactKey: Guid(99200c2b9d9fb1a428f07b0f9da78d44) Importer(815301076,1909f56bfc062723c751e8b465ee728b)
Start importing Assets/Prefabs/Piano.prefab using Guid(99200c2b9d9fb1a428f07b0f9da78d44) Importer(815301076,1909f56bfc062723c751e8b465ee728b)  -> (artifact id: '19814803401b959761307511327ec214') in 0.029171 seconds 
  Import took 0.033389 seconds .

========================================================================
Received Import Request.
  Time since last request: 7.252954 seconds.
  path: Assets/Prefabs/Piano.prefab
  artifactKey: Guid(99200c2b9d9fb1a428f07b0f9da78d44) Importer(815301076,1909f56bfc062723c751e8b465ee728b)
Start importing Assets/Prefabs/Piano.prefab using Guid(99200c2b9d9fb1a428f07b0f9da78d44) Importer(815301076,1909f56bfc062723c751e8b465ee728b)  -> (artifact id: 'd1e1a0a92892702d3d7eb5d8db3b0af6') in 0.026155 seconds 
  Import took 0.031636 seconds .

========================================================================
Received Import Request.
  Time since last request: 16.632407 seconds.
  path: Assets/Prefabs/Piano.prefab
  artifactKey: Guid(99200c2b9d9fb1a428f07b0f9da78d44) Importer(815301076,1909f56bfc062723c751e8b465ee728b)
Start importing Assets/Prefabs/Piano.prefab using Guid(99200c2b9d9fb1a428f07b0f9da78d44) Importer(815301076,1909f56bfc062723c751e8b465ee728b)  -> (artifact id: 'c46b9b9e89a1db3debfb14986582f1bd') in 0.028292 seconds 
  Import took 0.034821 seconds .

========================================================================
Received Import Request.
  Time since last request: 8.720280 seconds.
  path: Assets/Prefabs/Piano.prefab
  artifactKey: Guid(99200c2b9d9fb1a428f07b0f9da78d44) Importer(815301076,1909f56bfc062723c751e8b465ee728b)
Start importing Assets/Prefabs/Piano.prefab using Guid(99200c2b9d9fb1a428f07b0f9da78d44) Importer(815301076,1909f56bfc062723c751e8b465ee728b)  -> (artifact id: '10a5e6a9ea72ae117441f132c90bf63b') in 0.027111 seconds 
  Import took 0.031753 seconds .

========================================================================
Received Import Request.
  Time since last request: 2.678612 seconds.
  path: Assets/Prefabs/Piano.prefab
  artifactKey: Guid(99200c2b9d9fb1a428f07b0f9da78d44) Importer(815301076,1909f56bfc062723c751e8b465ee728b)
Start importing Assets/Prefabs/Piano.prefab using Guid(99200c2b9d9fb1a428f07b0f9da78d44) Importer(815301076,1909f56bfc062723c751e8b465ee728b)  -> (artifact id: '253c79cc876440f9e531d71ed7fc92d1') in 0.024649 seconds 
  Import took 0.029598 seconds .

========================================================================
Received Import Request.
  Time since last request: 12.558460 seconds.
  path: Assets/Prefabs/Piano.prefab
  artifactKey: Guid(99200c2b9d9fb1a428f07b0f9da78d44) Importer(815301076,1909f56bfc062723c751e8b465ee728b)
Start importing Assets/Prefabs/Piano.prefab using Guid(99200c2b9d9fb1a428f07b0f9da78d44) Importer(815301076,1909f56bfc062723c751e8b465ee728b)  -> (artifact id: '7b4979767b67e217b12c00a0216892ad') in 0.032966 seconds 
  Import took 0.038911 seconds .

========================================================================
Received Import Request.
  Time since last request: 2.796824 seconds.
  path: Assets/Prefabs/Piano.prefab
  artifactKey: Guid(99200c2b9d9fb1a428f07b0f9da78d44) Importer(815301076,1909f56bfc062723c751e8b465ee728b)
Start importing Assets/Prefabs/Piano.prefab using Guid(99200c2b9d9fb1a428f07b0f9da78d44) Importer(815301076,1909f56bfc062723c751e8b465ee728b)  -> (artifact id: '140f5dac9b7eaa559e34246a833f8262') in 0.024950 seconds 
  Import took 0.030205 seconds .

========================================================================
Received Import Request.
  Time since last request: 39.027980 seconds.
  path: Assets/Prefabs/Piano.prefab
  artifactKey: Guid(99200c2b9d9fb1a428f07b0f9da78d44) Importer(815301076,1909f56bfc062723c751e8b465ee728b)
Start importing Assets/Prefabs/Piano.prefab using Guid(99200c2b9d9fb1a428f07b0f9da78d44) Importer(815301076,1909f56bfc062723c751e8b465ee728b)  -> (artifact id: 'e1fc7ca5da53bc75536bc73b5c95d08e') in 0.026363 seconds 
  Import took 0.031377 seconds .

========================================================================
Received Import Request.
  Time since last request: 5.644168 seconds.
  path: Assets/Prefabs/Piano.prefab
  artifactKey: Guid(99200c2b9d9fb1a428f07b0f9da78d44) Importer(815301076,1909f56bfc062723c751e8b465ee728b)
Start importing Assets/Prefabs/Piano.prefab using Guid(99200c2b9d9fb1a428f07b0f9da78d44) Importer(815301076,1909f56bfc062723c751e8b465ee728b)  -> (artifact id: '2bf2f3544017faff141cc1117d65a32c') in 0.028435 seconds 
  Import took 0.033418 seconds .

========================================================================
Received Import Request.
  Time since last request: 10.544679 seconds.
  path: Assets/Prefabs/Piano.prefab
  artifactKey: Guid(99200c2b9d9fb1a428f07b0f9da78d44) Importer(815301076,1909f56bfc062723c751e8b465ee728b)
Start importing Assets/Prefabs/Piano.prefab using Guid(99200c2b9d9fb1a428f07b0f9da78d44) Importer(815301076,1909f56bfc062723c751e8b465ee728b)  -> (artifact id: '7c3e50a4248334cea8d4db1bf79c2ee5') in 0.028808 seconds 
  Import took 0.033825 seconds .

========================================================================
Received Import Request.
  Time since last request: 4.610642 seconds.
  path: Assets/Prefabs/Piano.prefab
  artifactKey: Guid(99200c2b9d9fb1a428f07b0f9da78d44) Importer(815301076,1909f56bfc062723c751e8b465ee728b)
Start importing Assets/Prefabs/Piano.prefab using Guid(99200c2b9d9fb1a428f07b0f9da78d44) Importer(815301076,1909f56bfc062723c751e8b465ee728b)  -> (artifact id: 'c857946b2578eaed1dd8e931183d0fa8') in 0.034715 seconds 
  Import took 0.041703 seconds .

========================================================================
Received Import Request.
  Time since last request: 3.400593 seconds.
  path: Assets/Prefabs/Piano.prefab
  artifactKey: Guid(99200c2b9d9fb1a428f07b0f9da78d44) Importer(815301076,1909f56bfc062723c751e8b465ee728b)
Start importing Assets/Prefabs/Piano.prefab using Guid(99200c2b9d9fb1a428f07b0f9da78d44) Importer(815301076,1909f56bfc062723c751e8b465ee728b)  -> (artifact id: 'ffd9dbb4ba3880df7aad175ce42205cf') in 0.034419 seconds 
  Import took 0.041054 seconds .

========================================================================
Received Import Request.
  Time since last request: 3.833826 seconds.
  path: Assets/Prefabs/Piano.prefab
  artifactKey: Guid(99200c2b9d9fb1a428f07b0f9da78d44) Importer(815301076,1909f56bfc062723c751e8b465ee728b)
Start importing Assets/Prefabs/Piano.prefab using Guid(99200c2b9d9fb1a428f07b0f9da78d44) Importer(815301076,1909f56bfc062723c751e8b465ee728b)  -> (artifact id: '91fca6fbfdeb7624a823d9a7e2442e37') in 0.031732 seconds 
  Import took 0.036356 seconds .

========================================================================
Received Import Request.
  Time since last request: 107.300642 seconds.
  path: Assets/Prefabs/Piano.prefab
  artifactKey: Guid(99200c2b9d9fb1a428f07b0f9da78d44) Importer(815301076,1909f56bfc062723c751e8b465ee728b)
Start importing Assets/Prefabs/Piano.prefab using Guid(99200c2b9d9fb1a428f07b0f9da78d44) Importer(815301076,1909f56bfc062723c751e8b465ee728b)  -> (artifact id: 'd15f2970d43eb0f9e9726f98ad991833') in 0.039376 seconds 
  Import took 0.047076 seconds .

========================================================================
Received Import Request.
  Time since last request: 4.041972 seconds.
  path: Assets/Prefabs/Piano.prefab
  artifactKey: Guid(99200c2b9d9fb1a428f07b0f9da78d44) Importer(815301076,1909f56bfc062723c751e8b465ee728b)
Start importing Assets/Prefabs/Piano.prefab using Guid(99200c2b9d9fb1a428f07b0f9da78d44) Importer(815301076,1909f56bfc062723c751e8b465ee728b)  -> (artifact id: '9967c43db102ea8427a2d36b9c9d1439') in 0.032552 seconds 
  Import took 0.039694 seconds .

========================================================================
Received Import Request.
  Time since last request: 2.185445 seconds.
  path: Assets/Prefabs/Piano.prefab
  artifactKey: Guid(99200c2b9d9fb1a428f07b0f9da78d44) Importer(815301076,1909f56bfc062723c751e8b465ee728b)
Start importing Assets/Prefabs/Piano.prefab using Guid(99200c2b9d9fb1a428f07b0f9da78d44) Importer(815301076,1909f56bfc062723c751e8b465ee728b)  -> (artifact id: '17257c4ae129e614653bc3d3b785ad14') in 0.034860 seconds 
  Import took 0.040692 seconds .

========================================================================
Received Import Request.
  Time since last request: 4.043091 seconds.
  path: Assets/Prefabs/Piano.prefab
  artifactKey: Guid(99200c2b9d9fb1a428f07b0f9da78d44) Importer(815301076,1909f56bfc062723c751e8b465ee728b)
Start importing Assets/Prefabs/Piano.prefab using Guid(99200c2b9d9fb1a428f07b0f9da78d44) Importer(815301076,1909f56bfc062723c751e8b465ee728b)  -> (artifact id: '21ef61ab21e0b3359273351ed1efd45a') in 0.036668 seconds 
  Import took 0.043855 seconds .

========================================================================
Received Import Request.
  Time since last request: 3.400161 seconds.
  path: Assets/Prefabs/Piano.prefab
  artifactKey: Guid(99200c2b9d9fb1a428f07b0f9da78d44) Importer(815301076,1909f56bfc062723c751e8b465ee728b)
Start importing Assets/Prefabs/Piano.prefab using Guid(99200c2b9d9fb1a428f07b0f9da78d44) Importer(815301076,1909f56bfc062723c751e8b465ee728b)  -> (artifact id: '0c6b1a60e768308c41f6a321a2684fc0') in 0.040392 seconds 
  Import took 0.046683 seconds .

========================================================================
Received Import Request.
  Time since last request: 1.800661 seconds.
  path: Assets/Prefabs/Piano.prefab
  artifactKey: Guid(99200c2b9d9fb1a428f07b0f9da78d44) Importer(815301076,1909f56bfc062723c751e8b465ee728b)
Start importing Assets/Prefabs/Piano.prefab using Guid(99200c2b9d9fb1a428f07b0f9da78d44) Importer(815301076,1909f56bfc062723c751e8b465ee728b)  -> (artifact id: '7551deeecedc2a2eadd3b4b18668b09f') in 0.039338 seconds 
  Import took 0.045378 seconds .

========================================================================
Received Import Request.
  Time since last request: 10.308498 seconds.
  path: Assets/Prefabs/Piano.prefab
  artifactKey: Guid(99200c2b9d9fb1a428f07b0f9da78d44) Importer(815301076,1909f56bfc062723c751e8b465ee728b)
Start importing Assets/Prefabs/Piano.prefab using Guid(99200c2b9d9fb1a428f07b0f9da78d44) Importer(815301076,1909f56bfc062723c751e8b465ee728b)  -> (artifact id: '99b683c87f73b3f384f0ec296c37b187') in 0.032975 seconds 
  Import took 0.039904 seconds .

========================================================================
Received Import Request.
  Time since last request: 19.666235 seconds.
  path: Assets/Prefabs/Piano.prefab
  artifactKey: Guid(99200c2b9d9fb1a428f07b0f9da78d44) Importer(815301076,1909f56bfc062723c751e8b465ee728b)
Start importing Assets/Prefabs/Piano.prefab using Guid(99200c2b9d9fb1a428f07b0f9da78d44) Importer(815301076,1909f56bfc062723c751e8b465ee728b)  -> (artifact id: 'c8a72ed3b46a1e577250cf877aeef07f') in 0.042010 seconds 
  Import took 0.047369 seconds .

========================================================================
Received Prepare
Registering precompiled user dll's ...
Registered in 0.006194 seconds.
Begin MonoManager ReloadAssembly
Native extension for WindowsStandalone target not found
Native extension for WebGL target not found
Refreshing native plugins compatible for Editor in 0.72 ms, found 2 plugins.
Preloading 0 native plugins for Editor in 0.00 ms.
Mono: successfully reloaded assembly
- Completed reload, in  1.962 seconds
Domain Reload Profiling:
	ReloadAssembly (1963ms)
		BeginReloadAssembly (211ms)
			ExecutionOrderSort (0ms)
			DisableScriptedObjects (10ms)
			BackupInstance (0ms)
			ReleaseScriptingObjects (0ms)
			CreateAndSetChildDomain (63ms)
		EndReloadAssembly (1630ms)
			LoadAssemblies (177ms)
			RebuildTransferFunctionScriptingTraits (0ms)
			SetupTypeCache (574ms)
			ReleaseScriptCaches (1ms)
			RebuildScriptCaches (87ms)
			SetupLoadedEditorAssemblies (616ms)
				LogAssemblyErrors (0ms)
				InitializePlatformSupportModulesInManaged (13ms)
				SetLoadedEditorAssemblies (1ms)
				RefreshPlugins (1ms)
				BeforeProcessingInitializeOnLoad (163ms)
				ProcessInitializeOnLoadAttributes (423ms)
				ProcessInitializeOnLoadMethodAttributes (9ms)
				AfterProcessingInitializeOnLoad (5ms)
				EditorAssembliesLoaded (1ms)
			ExecutionOrderSort2 (0ms)
			AwakeInstancesAfterBackupRestoration (14ms)
Platform modules already initialized, skipping
Refreshing native plugins compatible for Editor in 0.41 ms, found 2 plugins.
Preloading 0 native plugins for Editor in 0.00 ms.
Unloading 1389 Unused Serialized files (Serialized files now loaded: 0)
System memory in use before: 69.0 MB.
System memory in use after: 69.0 MB.

Unloading 14 unused Assets to reduce memory usage. Loaded Objects now: 1883.
Total: 4.271500 ms (FindLiveObjects: 0.297800 ms CreateObjectMapping: 0.085600 ms MarkObjects: 3.796100 ms  DeleteObjects: 0.089400 ms)

AssetImportParameters requested are different than current active one (requested -> active):
  custom:framework-win-MediaFoundation: 216162199b28c13a410421893ffa2e32 -> 
  custom:video-decoder-ogg-theora: a1e56fd34408186e4bbccfd4996cb3dc -> 
  custom:container-muxer-webm: aa71ff27fc2769a1b78a27578f13a17b -> 
  custom:container-demuxer-webm: 4f35f7cbe854078d1ac9338744f61a02 -> 
  custom:container-demuxer-ogg: 62fdf1f143b41e24485cea50d1cbac27 -> 
  custom:video-encoder-webm-vp8: eb34c28f22e8b96e1ab97ce403110664 -> 
  custom:video-decoder-webm-vp8: 9c59270c3fd7afecdb556c50c9e8de78 -> 
  custom:audio-decoder-ogg-vorbis: bf7c407c2cedff20999df2af8eb42d56 -> 
  custom:audio-encoder-webm-vorbis: bf7c407c2cedff20999df2af8eb42d56 -> 
