Using pre-set license
Built from '2021.2/staging' branch; Version is '2021.2.4f1 (99ba6aa4c552) revision 10074730'; Using compiler version '192829333'; Build Type 'Release'
OS: 'Windows 10 Enterprise; OS build 19043.1288; Version 2009; 64bit' Language: 'en' Physical Memory: 32605 MB
BatchMode: 1, IsHumanControllingUs: 0, StartBugReporterOnCrash: 0, Is64bit: 1, IsPro: 0

COMMAND LINE ARGUMENTS:
D:\UnityInstalls\2021.2.4f1\Editor\Unity.exe
-adb2
-batchMode
-noUpm
-name
AssetImportWorker1
-projectPath
D:/Labs/BSTU-KMS/PianoProj
-logFile
Logs/AssetImportWorker1.log
-srvPort
64660
Successfully changed project path to: D:/Labs/BSTU-KMS/PianoProj
D:/Labs/BSTU-KMS/PianoProj
[UnityMemory] Configuration Parameters - Can be set up in boot.config
    "memorysetup-bucket-allocator-granularity=16"
    "memorysetup-bucket-allocator-bucket-count=8"
    "memorysetup-bucket-allocator-block-size=33554432"
    "memorysetup-bucket-allocator-block-count=8"
    "memorysetup-main-allocator-block-size=16777216"
    "memorysetup-thread-allocator-block-size=16777216"
    "memorysetup-gfx-main-allocator-block-size=16777216"
    "memorysetup-gfx-thread-allocator-block-size=16777216"
    "memorysetup-cache-allocator-block-size=4194304"
    "memorysetup-typetree-allocator-block-size=2097152"
    "memorysetup-profiler-bucket-allocator-granularity=16"
    "memorysetup-profiler-bucket-allocator-bucket-count=8"
    "memorysetup-profiler-bucket-allocator-block-size=33554432"
    "memorysetup-profiler-bucket-allocator-block-count=8"
    "memorysetup-profiler-allocator-block-size=16777216"
    "memorysetup-profiler-editor-allocator-block-size=1048576"
    "memorysetup-temp-allocator-size-main=16777216"
    "memorysetup-job-temp-allocator-block-size=2097152"
    "memorysetup-job-temp-allocator-block-size-background=1048576"
    "memorysetup-job-temp-allocator-reduction-small-platforms=262144"
    "memorysetup-temp-allocator-size-background-worker=32768"
    "memorysetup-temp-allocator-size-job-worker=262144"
    "memorysetup-temp-allocator-size-preload-manager=33554432"
    "memorysetup-temp-allocator-size-nav-mesh-worker=65536"
    "memorysetup-temp-allocator-size-audio-worker=65536"
    "memorysetup-temp-allocator-size-cloud-worker=32768"
    "memorysetup-temp-allocator-size-gi-baking-worker=262144"
    "memorysetup-temp-allocator-size-gfx=262144"
Refreshing native plugins compatible for Editor in 30.35 ms, found 2 plugins.
Preloading 0 native plugins for Editor in 0.00 ms.
Initialize engine version: 2021.2.4f1 (99ba6aa4c552)
[Subsystems] Discovering subsystems at path D:/UnityInstalls/2021.2.4f1/Editor/Data/Resources/UnitySubsystems
[Subsystems] Discovering subsystems at path D:/Labs/BSTU-KMS/PianoProj/Assets
GfxDevice: creating device client; threaded=0; jobified=0
Direct3D:
    Version:  Direct3D 11.0 [level 11.1]
    Renderer: Intel(R) UHD Graphics 630 (ID=0x9bc8)
    Vendor:   Intel
    VRAM:     16302 MB
    Driver:   27.20.100.9127
Initialize mono
Mono path[0] = 'D:/UnityInstalls/2021.2.4f1/Editor/Data/Managed'
Mono path[1] = 'D:/UnityInstalls/2021.2.4f1/Editor/Data/MonoBleedingEdge/lib/mono/unityjit-win32'
Mono config path = 'D:/UnityInstalls/2021.2.4f1/Editor/Data/MonoBleedingEdge/etc'
Using monoOptions --debugger-agent=transport=dt_socket,embedding=1,server=y,suspend=n,address=127.0.0.1:56040
Begin MonoManager ReloadAssembly
Registering precompiled unity dll's ...
Register platform support module: D:/UnityInstalls/2021.2.4f1/Editor/Data/PlaybackEngines/WebGLSupport/UnityEditor.WebGL.Extensions.dll
Register platform support module: D:/UnityInstalls/2021.2.4f1/Editor/Data/PlaybackEngines/WindowsStandaloneSupport/UnityEditor.WindowsStandalone.Extensions.dll
Registered in 0.002500 seconds.
Native extension for WindowsStandalone target not found
Native extension for WebGL target not found
Refreshing native plugins compatible for Editor in 28.78 ms, found 2 plugins.
Preloading 0 native plugins for Editor in 0.00 ms.
Mono: successfully reloaded assembly
- Completed reload, in  0.546 seconds
Domain Reload Profiling:
	ReloadAssembly (547ms)
		BeginReloadAssembly (63ms)
			ExecutionOrderSort (0ms)
			DisableScriptedObjects (0ms)
			BackupInstance (0ms)
			ReleaseScriptingObjects (0ms)
			CreateAndSetChildDomain (1ms)
		EndReloadAssembly (416ms)
			LoadAssemblies (62ms)
			RebuildTransferFunctionScriptingTraits (0ms)
			SetupTypeCache (113ms)
			ReleaseScriptCaches (0ms)
			RebuildScriptCaches (31ms)
			SetupLoadedEditorAssemblies (223ms)
				LogAssemblyErrors (0ms)
				InitializePlatformSupportModulesInManaged (15ms)
				SetLoadedEditorAssemblies (0ms)
				RefreshPlugins (29ms)
				BeforeProcessingInitializeOnLoad (1ms)
				ProcessInitializeOnLoadAttributes (133ms)
				ProcessInitializeOnLoadMethodAttributes (45ms)
				AfterProcessingInitializeOnLoad (0ms)
				EditorAssembliesLoaded (0ms)
			ExecutionOrderSort2 (0ms)
			AwakeInstancesAfterBackupRestoration (0ms)
Platform modules already initialized, skipping
Registering precompiled user dll's ...
Registered in 0.001994 seconds.
Begin MonoManager ReloadAssembly
Native extension for WindowsStandalone target not found
Native extension for WebGL target not found
Refreshing native plugins compatible for Editor in 0.39 ms, found 2 plugins.
Preloading 0 native plugins for Editor in 0.00 ms.
Mono: successfully reloaded assembly
- Completed reload, in  1.040 seconds
Domain Reload Profiling:
	ReloadAssembly (1041ms)
		BeginReloadAssembly (161ms)
			ExecutionOrderSort (0ms)
			DisableScriptedObjects (6ms)
			BackupInstance (0ms)
			ReleaseScriptingObjects (0ms)
			CreateAndSetChildDomain (20ms)
		EndReloadAssembly (794ms)
			LoadAssemblies (59ms)
			RebuildTransferFunctionScriptingTraits (0ms)
			SetupTypeCache (202ms)
			ReleaseScriptCaches (0ms)
			RebuildScriptCaches (53ms)
			SetupLoadedEditorAssemblies (357ms)
				LogAssemblyErrors (0ms)
				InitializePlatformSupportModulesInManaged (11ms)
				SetLoadedEditorAssemblies (0ms)
				RefreshPlugins (0ms)
				BeforeProcessingInitializeOnLoad (47ms)
				ProcessInitializeOnLoadAttributes (264ms)
				ProcessInitializeOnLoadMethodAttributes (29ms)
				AfterProcessingInitializeOnLoad (4ms)
				EditorAssembliesLoaded (0ms)
			ExecutionOrderSort2 (0ms)
			AwakeInstancesAfterBackupRestoration (9ms)
Platform modules already initialized, skipping
========================================================================
Worker process is ready to serve import requests
Launched and connected shader compiler UnityShaderCompiler.exe after 0.10 seconds
Refreshing native plugins compatible for Editor in 1.12 ms, found 2 plugins.
Preloading 0 native plugins for Editor in 0.00 ms.
Unloading 1685 Unused Serialized files (Serialized files now loaded: 0)
Unloading 31 unused Assets / (203.9 KB). Loaded Objects now: 2139.
Memory consumption went from 83.0 MB to 82.8 MB.
Total: 4.829500 ms (FindLiveObjects: 0.510200 ms CreateObjectMapping: 0.243800 ms MarkObjects: 3.869500 ms  DeleteObjects: 0.203900 ms)

AssetImportParameters requested are different than current active one (requested -> active):
  custom:video-decoder-ogg-theora: a1e56fd34408186e4bbccfd4996cb3dc -> 
  custom:container-muxer-webm: aa71ff27fc2769a1b78a27578f13a17b -> 
  custom:container-demuxer-webm: 4f35f7cbe854078d1ac9338744f61a02 -> 
  custom:video-encoder-webm-vp8: eb34c28f22e8b96e1ab97ce403110664 -> 
  custom:audio-encoder-webm-vorbis: bf7c407c2cedff20999df2af8eb42d56 -> 
  custom:framework-win-MediaFoundation: 216162199b28c13a410421893ffa2e32 -> 
  custom:container-demuxer-ogg: 62fdf1f143b41e24485cea50d1cbac27 -> 
  custom:video-decoder-webm-vp8: 9c59270c3fd7afecdb556c50c9e8de78 -> 
  custom:audio-decoder-ogg-vorbis: bf7c407c2cedff20999df2af8eb42d56 -> 
========================================================================
Received Import Request.
  Time since last request: 263510.725068 seconds.
  path: Assets/_Core/Resources/Notes/4-as.wav
  artifactKey: Guid(5850b5f6f9ffa9e47a98f29c80c41094) Importer(815301076,1909f56bfc062723c751e8b465ee728b)
Start importing Assets/_Core/Resources/Notes/4-as.wav using Guid(5850b5f6f9ffa9e47a98f29c80c41094) Importer(815301076,1909f56bfc062723c751e8b465ee728b)  -> (artifact id: '14572e0e18560a974d61468633433d64') in 0.184976 seconds 
========================================================================
Received Import Request.
  Time since last request: 0.000090 seconds.
  path: Assets/_Core/Resources/Notes/2-f.wav
  artifactKey: Guid(3543586fcaa98fb49931101c11c1c6d2) Importer(815301076,1909f56bfc062723c751e8b465ee728b)
Start importing Assets/_Core/Resources/Notes/2-f.wav using Guid(3543586fcaa98fb49931101c11c1c6d2) Importer(815301076,1909f56bfc062723c751e8b465ee728b)  -> (artifact id: '72fb5d008f2a9dc31714e71012962469') in 0.017814 seconds 
========================================================================
Received Import Request.
  Time since last request: 0.000046 seconds.
  path: Assets/_Core/Resources/Notes/1-as.wav
  artifactKey: Guid(94c6f0d7f75273946a76dedcbc873f72) Importer(815301076,1909f56bfc062723c751e8b465ee728b)
Start importing Assets/_Core/Resources/Notes/1-as.wav using Guid(94c6f0d7f75273946a76dedcbc873f72) Importer(815301076,1909f56bfc062723c751e8b465ee728b)  -> (artifact id: 'd45dbc36aea730f7d6fdeea5d9caf865') in 0.029655 seconds 
========================================================================
Received Import Request.
  Time since last request: 0.000109 seconds.
  path: Assets/_Core/Resources/Notes/2-b.wav
  artifactKey: Guid(f509547da8c19ad43ad380781e85bf3a) Importer(815301076,1909f56bfc062723c751e8b465ee728b)
Start importing Assets/_Core/Resources/Notes/2-b.wav using Guid(f509547da8c19ad43ad380781e85bf3a) Importer(815301076,1909f56bfc062723c751e8b465ee728b)  -> (artifact id: '23cc4d682639ea3a0996d1115c7c600a') in 0.015504 seconds 
========================================================================
Received Import Request.
  Time since last request: 0.000065 seconds.
  path: Assets/_Core/Resources/Notes/2-cs.wav
  artifactKey: Guid(877f2d40dfd21ce4f8ec0be29ce6aad0) Importer(815301076,1909f56bfc062723c751e8b465ee728b)
Start importing Assets/_Core/Resources/Notes/2-cs.wav using Guid(877f2d40dfd21ce4f8ec0be29ce6aad0) Importer(815301076,1909f56bfc062723c751e8b465ee728b)  -> (artifact id: 'd782e472dd6f94c6d749f0d5ee19a51d') in 0.020096 seconds 
========================================================================
Received Import Request.
  Time since last request: 0.000115 seconds.
  path: Assets/_Core/Resources/Notes/1-a.wav
  artifactKey: Guid(a547b7e6bc92ca64dbf534a4d1b768e5) Importer(815301076,1909f56bfc062723c751e8b465ee728b)
Start importing Assets/_Core/Resources/Notes/1-a.wav using Guid(a547b7e6bc92ca64dbf534a4d1b768e5) Importer(815301076,1909f56bfc062723c751e8b465ee728b)  -> (artifact id: '0171da89b00d66692ea84b6ed5cba0ec') in 0.016860 seconds 
========================================================================
Received Import Request.
  Time since last request: 0.000033 seconds.
  path: Assets/_Core/Resources/Notes/4-ds.wav
  artifactKey: Guid(e182f0bf4cf40e944a54c89435d6f15d) Importer(815301076,1909f56bfc062723c751e8b465ee728b)
Start importing Assets/_Core/Resources/Notes/4-ds.wav using Guid(e182f0bf4cf40e944a54c89435d6f15d) Importer(815301076,1909f56bfc062723c751e8b465ee728b)  -> (artifact id: '5843e3bb067d2144c53bdb211b30e112') in 0.016087 seconds 
========================================================================
Received Import Request.
  Time since last request: 0.000073 seconds.
  path: Assets/_Core/Resources/Notes/3-a.wav
  artifactKey: Guid(d4d62a58e30027c4dac2f515a6daf537) Importer(815301076,1909f56bfc062723c751e8b465ee728b)
Start importing Assets/_Core/Resources/Notes/3-a.wav using Guid(d4d62a58e30027c4dac2f515a6daf537) Importer(815301076,1909f56bfc062723c751e8b465ee728b)  -> (artifact id: '0b8d0f2c75ba79fa4b5080db0c9c48c9') in 0.016354 seconds 
========================================================================
Received Import Request.
  Time since last request: 0.000036 seconds.
  path: Assets/_Core/Resources/Notes/4-e.wav
  artifactKey: Guid(4cd9560ff461e9547947f49850456ca2) Importer(815301076,1909f56bfc062723c751e8b465ee728b)
Start importing Assets/_Core/Resources/Notes/4-e.wav using Guid(4cd9560ff461e9547947f49850456ca2) Importer(815301076,1909f56bfc062723c751e8b465ee728b)  -> (artifact id: '457ee99e3180ada3ed694bdc36d4221e') in 0.012401 seconds 
========================================================================
Received Import Request.
  Time since last request: 0.000028 seconds.
  path: Assets/_Core/Resources/Notes/4-gs.wav
  artifactKey: Guid(d728dbbc800970c409605a015ed563b3) Importer(815301076,1909f56bfc062723c751e8b465ee728b)
Start importing Assets/_Core/Resources/Notes/4-gs.wav using Guid(d728dbbc800970c409605a015ed563b3) Importer(815301076,1909f56bfc062723c751e8b465ee728b)  -> (artifact id: '60a6b278b870c2a3b237c649eba9b6ae') in 0.017476 seconds 
========================================================================
Received Import Request.
  Time since last request: 0.000019 seconds.
  path: Assets/_Core/Resources/Notes/5-gs.wav
  artifactKey: Guid(5b5f0665165b7d64cac167785f1a98b4) Importer(815301076,1909f56bfc062723c751e8b465ee728b)
Start importing Assets/_Core/Resources/Notes/5-gs.wav using Guid(5b5f0665165b7d64cac167785f1a98b4) Importer(815301076,1909f56bfc062723c751e8b465ee728b)  -> (artifact id: '8a29a67d7895a2c51575ef668cd87d72') in 0.011194 seconds 
========================================================================
Received Import Request.
  Time since last request: 0.000036 seconds.
  path: Assets/_Core/Resources/Notes/1-d.wav
  artifactKey: Guid(5fa6225439e30fc48b331a53eed2fd67) Importer(815301076,1909f56bfc062723c751e8b465ee728b)
Start importing Assets/_Core/Resources/Notes/1-d.wav using Guid(5fa6225439e30fc48b331a53eed2fd67) Importer(815301076,1909f56bfc062723c751e8b465ee728b)  -> (artifact id: '211e9db170af9311d23bfb7d93882c8e') in 0.019833 seconds 
========================================================================
Received Import Request.
  Time since last request: 0.000044 seconds.
  path: Assets/_Core/Resources/Notes/2-ds.wav
  artifactKey: Guid(041b7a657e1f6ea45bfc43d35fea58ae) Importer(815301076,1909f56bfc062723c751e8b465ee728b)
Start importing Assets/_Core/Resources/Notes/2-ds.wav using Guid(041b7a657e1f6ea45bfc43d35fea58ae) Importer(815301076,1909f56bfc062723c751e8b465ee728b)  -> (artifact id: '81b76692bb9c40fc6b795c3fbdf3b65f') in 0.014668 seconds 
========================================================================
Received Import Request.
  Time since last request: 0.000036 seconds.
  path: Assets/_Core/Resources/Notes/5-fs.wav
  artifactKey: Guid(805da4187d2a40e43a6a38ed276b8812) Importer(815301076,1909f56bfc062723c751e8b465ee728b)
Start importing Assets/_Core/Resources/Notes/5-fs.wav using Guid(805da4187d2a40e43a6a38ed276b8812) Importer(815301076,1909f56bfc062723c751e8b465ee728b)  -> (artifact id: 'd9c85a28fcee917207e5ade26e5e6137') in 0.026608 seconds 
========================================================================
Received Import Request.
  Time since last request: 0.000034 seconds.
  path: Assets/_Core/Resources/Notes/2-g.wav
  artifactKey: Guid(267050ca76a9bd6489d2ea1fb68e8e83) Importer(815301076,1909f56bfc062723c751e8b465ee728b)
Start importing Assets/_Core/Resources/Notes/2-g.wav using Guid(267050ca76a9bd6489d2ea1fb68e8e83) Importer(815301076,1909f56bfc062723c751e8b465ee728b)  -> (artifact id: 'da2f79999f00a81464617a28b9909861') in 0.026359 seconds 
========================================================================
Received Import Request.
  Time since last request: 0.000051 seconds.
  path: Assets/_Core/Resources/Notes/4-cs.wav
  artifactKey: Guid(f060c410165e3af479b27d91b2c14f95) Importer(815301076,1909f56bfc062723c751e8b465ee728b)
Start importing Assets/_Core/Resources/Notes/4-cs.wav using Guid(f060c410165e3af479b27d91b2c14f95) Importer(815301076,1909f56bfc062723c751e8b465ee728b)  -> (artifact id: '13814799160b4e67de7cda0b864e69f6') in 0.017790 seconds 
========================================================================
Received Import Request.
  Time since last request: 0.000041 seconds.
  path: Assets/_Core/Resources/Notes/2-c.wav
  artifactKey: Guid(b9f86002a3a786d47bc07da5cac9e72f) Importer(815301076,1909f56bfc062723c751e8b465ee728b)
Start importing Assets/_Core/Resources/Notes/2-c.wav using Guid(b9f86002a3a786d47bc07da5cac9e72f) Importer(815301076,1909f56bfc062723c751e8b465ee728b)  -> (artifact id: '33ace12c1265df9bd2a2fe9775bf2a9a') in 0.021043 seconds 
========================================================================
Received Import Request.
  Time since last request: 0.000029 seconds.
  path: Assets/_Core/Resources/Notes/3-e.wav
  artifactKey: Guid(41b6e0c55a506ed4db143c4c569e5030) Importer(815301076,1909f56bfc062723c751e8b465ee728b)
Start importing Assets/_Core/Resources/Notes/3-e.wav using Guid(41b6e0c55a506ed4db143c4c569e5030) Importer(815301076,1909f56bfc062723c751e8b465ee728b)  -> (artifact id: '7bc8c4bab87641e7be5f73ab283f391e') in 0.017271 seconds 
========================================================================
Received Import Request.
  Time since last request: 0.000027 seconds.
  path: Assets/_Core/Resources/Notes/1-e.wav
  artifactKey: Guid(7b66e55aee960e347b934f72cbc9e5b8) Importer(815301076,1909f56bfc062723c751e8b465ee728b)
Start importing Assets/_Core/Resources/Notes/1-e.wav using Guid(7b66e55aee960e347b934f72cbc9e5b8) Importer(815301076,1909f56bfc062723c751e8b465ee728b)  -> (artifact id: '0be0876d1b9ece47b51b4edff90cd209') in 0.021555 seconds 
========================================================================
Received Import Request.
  Time since last request: 0.000023 seconds.
  path: Assets/_Core/Resources/Notes/3-d.wav
  artifactKey: Guid(d67c98744fc4ee4458b5a9977c2106c6) Importer(815301076,1909f56bfc062723c751e8b465ee728b)
Start importing Assets/_Core/Resources/Notes/3-d.wav using Guid(d67c98744fc4ee4458b5a9977c2106c6) Importer(815301076,1909f56bfc062723c751e8b465ee728b)  -> (artifact id: '83398dfd2792e73489b00f32c7e2fcfb') in 0.017887 seconds 
========================================================================
Received Import Request.
  Time since last request: 0.000082 seconds.
  path: Assets/_Core/Resources/Notes/5-ds.wav
  artifactKey: Guid(6bd33feb36aacd24e8e57b1b28870d04) Importer(815301076,1909f56bfc062723c751e8b465ee728b)
Start importing Assets/_Core/Resources/Notes/5-ds.wav using Guid(6bd33feb36aacd24e8e57b1b28870d04) Importer(815301076,1909f56bfc062723c751e8b465ee728b)  -> (artifact id: '6efbc29f889e770cbe9562aab801ad33') in 0.019572 seconds 
========================================================================
Received Import Request.
  Time since last request: 0.000062 seconds.
  path: Assets/_Core/Resources/Notes/1-f.wav
  artifactKey: Guid(1d955ab17d92af249a43e890a5540d54) Importer(815301076,1909f56bfc062723c751e8b465ee728b)
Start importing Assets/_Core/Resources/Notes/1-f.wav using Guid(1d955ab17d92af249a43e890a5540d54) Importer(815301076,1909f56bfc062723c751e8b465ee728b)  -> (artifact id: '45e6fdd250099975cea64157c415f581') in 0.019335 seconds 
========================================================================
Received Import Request.
  Time since last request: 0.000060 seconds.
  path: Assets/_Core/Resources/Notes/5-c.wav
  artifactKey: Guid(a23920b4e4505e6419f780306de38c10) Importer(815301076,1909f56bfc062723c751e8b465ee728b)
Start importing Assets/_Core/Resources/Notes/5-c.wav using Guid(a23920b4e4505e6419f780306de38c10) Importer(815301076,1909f56bfc062723c751e8b465ee728b)  -> (artifact id: 'eacfb9a21259fe8526ba22407c0e4cf3') in 0.018744 seconds 
========================================================================
Received Import Request.
  Time since last request: 0.000099 seconds.
  path: Assets/_Core/Resources/Notes/1-cs.wav
  artifactKey: Guid(a51849886010b7747abb38d3c9e063bb) Importer(815301076,1909f56bfc062723c751e8b465ee728b)
Start importing Assets/_Core/Resources/Notes/1-cs.wav using Guid(a51849886010b7747abb38d3c9e063bb) Importer(815301076,1909f56bfc062723c751e8b465ee728b)  -> (artifact id: 'c8268db5a827a341936175075c987484') in 0.020227 seconds 
========================================================================
Received Import Request.
  Time since last request: 0.000030 seconds.
  path: Assets/_Core/Resources/Notes/4-f.wav
  artifactKey: Guid(de9b5965e7fa2dd4d8fd021d9b04eda1) Importer(815301076,1909f56bfc062723c751e8b465ee728b)
Start importing Assets/_Core/Resources/Notes/4-f.wav using Guid(de9b5965e7fa2dd4d8fd021d9b04eda1) Importer(815301076,1909f56bfc062723c751e8b465ee728b)  -> (artifact id: 'cc64522050a2b45a11d25c3d0e0ccd63') in 0.020293 seconds 
========================================================================
Received Import Request.
  Time since last request: 0.000063 seconds.
  path: Assets/_Core/Resources/Notes/4-b.wav
  artifactKey: Guid(66110ad96c0200d4da7c2c2ebf5a7ef4) Importer(815301076,1909f56bfc062723c751e8b465ee728b)
Start importing Assets/_Core/Resources/Notes/4-b.wav using Guid(66110ad96c0200d4da7c2c2ebf5a7ef4) Importer(815301076,1909f56bfc062723c751e8b465ee728b)  -> (artifact id: '2f29d8f7e36a3b1546e86ead2036085b') in 0.016167 seconds 
========================================================================
Received Import Request.
  Time since last request: 0.000020 seconds.
  path: Assets/_Core/Resources/Notes/1-fs.wav
  artifactKey: Guid(2148d9d094ffbaf42956f16536ff449f) Importer(815301076,1909f56bfc062723c751e8b465ee728b)
Start importing Assets/_Core/Resources/Notes/1-fs.wav using Guid(2148d9d094ffbaf42956f16536ff449f) Importer(815301076,1909f56bfc062723c751e8b465ee728b)  -> (artifact id: '722bea174d034be16afdfc6d08e6f8b7') in 0.017310 seconds 
========================================================================
Received Import Request.
  Time since last request: 0.000024 seconds.
  path: Assets/_Core/Resources/Notes/2-e.wav
  artifactKey: Guid(6bdd88dedb1bbb7429db941c0380bee7) Importer(815301076,1909f56bfc062723c751e8b465ee728b)
Start importing Assets/_Core/Resources/Notes/2-e.wav using Guid(6bdd88dedb1bbb7429db941c0380bee7) Importer(815301076,1909f56bfc062723c751e8b465ee728b)  -> (artifact id: '4fc7bb20247a5bcbfc6caea2d126b4a2') in 0.012778 seconds 
========================================================================
Received Import Request.
  Time since last request: 0.000033 seconds.
  path: Assets/_Core/Resources/Notes/3-c.wav
  artifactKey: Guid(40a07265de30dce4e8becff0d1904803) Importer(815301076,1909f56bfc062723c751e8b465ee728b)
Start importing Assets/_Core/Resources/Notes/3-c.wav using Guid(40a07265de30dce4e8becff0d1904803) Importer(815301076,1909f56bfc062723c751e8b465ee728b)  -> (artifact id: '9749210144deaa51e2a6199c9525330d') in 0.024232 seconds 
========================================================================
Received Import Request.
  Time since last request: 0.000057 seconds.
  path: Assets/_Core/Resources/Notes/3-fs.wav
  artifactKey: Guid(6669e07625e085e4d8bda9af1a5f00d5) Importer(815301076,1909f56bfc062723c751e8b465ee728b)
Start importing Assets/_Core/Resources/Notes/3-fs.wav using Guid(6669e07625e085e4d8bda9af1a5f00d5) Importer(815301076,1909f56bfc062723c751e8b465ee728b)  -> (artifact id: '72756047a5786dad6acc399382baaaea') in 0.011905 seconds 
========================================================================
Received Prepare
Registering precompiled user dll's ...
Registered in 0.002244 seconds.
Begin MonoManager ReloadAssembly
Native extension for WindowsStandalone target not found
Native extension for WebGL target not found
Refreshing native plugins compatible for Editor in 0.38 ms, found 2 plugins.
Preloading 0 native plugins for Editor in 0.00 ms.
Mono: successfully reloaded assembly
- Completed reload, in  0.847 seconds
Domain Reload Profiling:
	ReloadAssembly (847ms)
		BeginReloadAssembly (112ms)
			ExecutionOrderSort (0ms)
			DisableScriptedObjects (5ms)
			BackupInstance (0ms)
			ReleaseScriptingObjects (0ms)
			CreateAndSetChildDomain (30ms)
		EndReloadAssembly (653ms)
			LoadAssemblies (60ms)
			RebuildTransferFunctionScriptingTraits (0ms)
			SetupTypeCache (171ms)
			ReleaseScriptCaches (1ms)
			RebuildScriptCaches (36ms)
			SetupLoadedEditorAssemblies (281ms)
				LogAssemblyErrors (0ms)
				InitializePlatformSupportModulesInManaged (15ms)
				SetLoadedEditorAssemblies (0ms)
				RefreshPlugins (0ms)
				BeforeProcessingInitializeOnLoad (50ms)
				ProcessInitializeOnLoadAttributes (192ms)
				ProcessInitializeOnLoadMethodAttributes (20ms)
				AfterProcessingInitializeOnLoad (3ms)
				EditorAssembliesLoaded (0ms)
			ExecutionOrderSort2 (0ms)
			AwakeInstancesAfterBackupRestoration (5ms)
Platform modules already initialized, skipping
Refreshing native plugins compatible for Editor in 0.37 ms, found 2 plugins.
Preloading 0 native plugins for Editor in 0.00 ms.
Unloading 1637 Unused Serialized files (Serialized files now loaded: 0)
Unloading 26 unused Assets / (169.9 KB). Loaded Objects now: 2149.
Memory consumption went from 82.6 MB to 82.4 MB.
Total: 2.511800 ms (FindLiveObjects: 0.152700 ms CreateObjectMapping: 0.064400 ms MarkObjects: 2.248800 ms  DeleteObjects: 0.045300 ms)

AssetImportParameters requested are different than current active one (requested -> active):
  custom:video-decoder-ogg-theora: a1e56fd34408186e4bbccfd4996cb3dc -> 
  custom:container-muxer-webm: aa71ff27fc2769a1b78a27578f13a17b -> 
  custom:container-demuxer-webm: 4f35f7cbe854078d1ac9338744f61a02 -> 
  custom:video-encoder-webm-vp8: eb34c28f22e8b96e1ab97ce403110664 -> 
  custom:audio-encoder-webm-vorbis: bf7c407c2cedff20999df2af8eb42d56 -> 
  custom:framework-win-MediaFoundation: 216162199b28c13a410421893ffa2e32 -> 
  custom:container-demuxer-ogg: 62fdf1f143b41e24485cea50d1cbac27 -> 
  custom:video-decoder-webm-vp8: 9c59270c3fd7afecdb556c50c9e8de78 -> 
  custom:audio-decoder-ogg-vorbis: bf7c407c2cedff20999df2af8eb42d56 -> 
