Using pre-set license
Built from '2021.2/staging' branch; Version is '2021.2.4f1 (99ba6aa4c552) revision 10074730'; Using compiler version '192829333'; Build Type 'Release'
OS: 'Windows 10 Enterprise; OS build 19043.1288; Version 2009; 64bit' Language: 'en' Physical Memory: 32605 MB
BatchMode: 1, IsHumanControllingUs: 0, StartBugReporterOnCrash: 0, Is64bit: 1, IsPro: 0

COMMAND LINE ARGUMENTS:
D:\UnityInstalls\2021.2.4f1\Editor\Unity.exe
-adb2
-batchMode
-noUpm
-name
AssetImportWorker4
-projectPath
D:/Labs/BSTU-KMS/AR
-logFile
Logs/AssetImportWorker4.log
-srvPort
65299
Successfully changed project path to: D:/Labs/BSTU-KMS/AR
D:/Labs/BSTU-KMS/AR
[UnityMemory] Configuration Parameters - Can be set up in boot.config
    "memorysetup-bucket-allocator-granularity=16"
    "memorysetup-bucket-allocator-bucket-count=8"
    "memorysetup-bucket-allocator-block-size=33554432"
    "memorysetup-bucket-allocator-block-count=8"
    "memorysetup-main-allocator-block-size=16777216"
    "memorysetup-thread-allocator-block-size=16777216"
    "memorysetup-gfx-main-allocator-block-size=16777216"
    "memorysetup-gfx-thread-allocator-block-size=16777216"
    "memorysetup-cache-allocator-block-size=4194304"
    "memorysetup-typetree-allocator-block-size=2097152"
    "memorysetup-profiler-bucket-allocator-granularity=16"
    "memorysetup-profiler-bucket-allocator-bucket-count=8"
    "memorysetup-profiler-bucket-allocator-block-size=33554432"
    "memorysetup-profiler-bucket-allocator-block-count=8"
    "memorysetup-profiler-allocator-block-size=16777216"
    "memorysetup-profiler-editor-allocator-block-size=1048576"
    "memorysetup-temp-allocator-size-main=16777216"
    "memorysetup-job-temp-allocator-block-size=2097152"
    "memorysetup-job-temp-allocator-block-size-background=1048576"
    "memorysetup-job-temp-allocator-reduction-small-platforms=262144"
    "memorysetup-temp-allocator-size-background-worker=32768"
    "memorysetup-temp-allocator-size-job-worker=262144"
    "memorysetup-temp-allocator-size-preload-manager=33554432"
    "memorysetup-temp-allocator-size-nav-mesh-worker=65536"
    "memorysetup-temp-allocator-size-audio-worker=65536"
    "memorysetup-temp-allocator-size-cloud-worker=32768"
    "memorysetup-temp-allocator-size-gi-baking-worker=262144"
    "memorysetup-temp-allocator-size-gfx=262144"
Refreshing native plugins compatible for Editor in 78.02 ms, found 3 plugins.
Preloading 0 native plugins for Editor in 0.00 ms.
Initialize engine version: 2021.2.4f1 (99ba6aa4c552)
[Subsystems] Discovering subsystems at path D:/UnityInstalls/2021.2.4f1/Editor/Data/Resources/UnitySubsystems
[Subsystems] Discovering subsystems at path D:/Labs/BSTU-KMS/AR/Assets
GfxDevice: creating device client; threaded=0; jobified=0
Direct3D:
    Version:  Direct3D 11.0 [level 11.1]
    Renderer: Intel(R) UHD Graphics 630 (ID=0x9bc8)
    Vendor:   Intel
    VRAM:     16302 MB
    Driver:   27.20.100.9127
Initialize mono
Mono path[0] = 'D:/UnityInstalls/2021.2.4f1/Editor/Data/Managed'
Mono path[1] = 'D:/UnityInstalls/2021.2.4f1/Editor/Data/MonoBleedingEdge/lib/mono/unityjit-win32'
Mono config path = 'D:/UnityInstalls/2021.2.4f1/Editor/Data/MonoBleedingEdge/etc'
Using monoOptions --debugger-agent=transport=dt_socket,embedding=1,server=y,suspend=n,address=127.0.0.1:56332
Begin MonoManager ReloadAssembly
Registering precompiled unity dll's ...
Register platform support module: D:/UnityInstalls/2021.2.4f1/Editor/Data/PlaybackEngines/WebGLSupport/UnityEditor.WebGL.Extensions.dll
Register platform support module: D:/UnityInstalls/2021.2.4f1/Editor/Data/PlaybackEngines/WindowsStandaloneSupport/UnityEditor.WindowsStandalone.Extensions.dll
Registered in 0.002315 seconds.
Native extension for WindowsStandalone target not found
Native extension for WebGL target not found
Refreshing native plugins compatible for Editor in 94.57 ms, found 3 plugins.
Preloading 0 native plugins for Editor in 0.00 ms.
Mono: successfully reloaded assembly
- Completed reload, in  0.591 seconds
Domain Reload Profiling:
	ReloadAssembly (591ms)
		BeginReloadAssembly (62ms)
			ExecutionOrderSort (0ms)
			DisableScriptedObjects (0ms)
			BackupInstance (0ms)
			ReleaseScriptingObjects (0ms)
			CreateAndSetChildDomain (1ms)
		EndReloadAssembly (463ms)
			LoadAssemblies (61ms)
			RebuildTransferFunctionScriptingTraits (0ms)
			SetupTypeCache (99ms)
			ReleaseScriptCaches (0ms)
			RebuildScriptCaches (30ms)
			SetupLoadedEditorAssemblies (284ms)
				LogAssemblyErrors (0ms)
				InitializePlatformSupportModulesInManaged (14ms)
				SetLoadedEditorAssemblies (0ms)
				RefreshPlugins (95ms)
				BeforeProcessingInitializeOnLoad (1ms)
				ProcessInitializeOnLoadAttributes (129ms)
				ProcessInitializeOnLoadMethodAttributes (45ms)
				AfterProcessingInitializeOnLoad (0ms)
				EditorAssembliesLoaded (0ms)
			ExecutionOrderSort2 (0ms)
			AwakeInstancesAfterBackupRestoration (0ms)
Platform modules already initialized, skipping
Registering precompiled user dll's ...
Registered in 0.003165 seconds.
Begin MonoManager ReloadAssembly
Symbol file LoadedFromMemory doesn't match image D:\Labs\BSTU-KMS\AR\Library\PackageCache\com.unity.visualscripting@1.7.5\Editor\VisualScripting.Core\Dependencies\YamlDotNet\Unity.VisualScripting.YamlDotNet.dll
Symbol file LoadedFromMemory doesn't match image D:\Labs\BSTU-KMS\AR\Library\PackageCache\com.unity.visualscripting@1.7.5\Editor\VisualScripting.Core\Dependencies\DotNetZip\Unity.VisualScripting.IonicZip.dll
Native extension for WindowsStandalone target not found
Native extension for WebGL target not found
Refreshing native plugins compatible for Editor in 0.58 ms, found 3 plugins.
Preloading 0 native plugins for Editor in 0.00 ms.
Package Manager log level set to [2]
Mono: successfully reloaded assembly
- Completed reload, in  1.132 seconds
Domain Reload Profiling:
	ReloadAssembly (1133ms)
		BeginReloadAssembly (167ms)
			ExecutionOrderSort (0ms)
			DisableScriptedObjects (6ms)
			BackupInstance (0ms)
			ReleaseScriptingObjects (0ms)
			CreateAndSetChildDomain (21ms)
		EndReloadAssembly (875ms)
			LoadAssemblies (73ms)
			RebuildTransferFunctionScriptingTraits (0ms)
			SetupTypeCache (253ms)
			ReleaseScriptCaches (1ms)
			RebuildScriptCaches (58ms)
			SetupLoadedEditorAssemblies (375ms)
				LogAssemblyErrors (0ms)
				InitializePlatformSupportModulesInManaged (11ms)
				SetLoadedEditorAssemblies (0ms)
				RefreshPlugins (1ms)
				BeforeProcessingInitializeOnLoad (95ms)
				ProcessInitializeOnLoadAttributes (243ms)
				ProcessInitializeOnLoadMethodAttributes (22ms)
				AfterProcessingInitializeOnLoad (3ms)
				EditorAssembliesLoaded (0ms)
			ExecutionOrderSort2 (0ms)
			AwakeInstancesAfterBackupRestoration (5ms)
Platform modules already initialized, skipping
========================================================================
Worker process is ready to serve import requests
Launched and connected shader compiler UnityShaderCompiler.exe after 0.04 seconds
Refreshing native plugins compatible for Editor in 0.57 ms, found 3 plugins.
Preloading 0 native plugins for Editor in 0.00 ms.
Unloading 3599 Unused Serialized files (Serialized files now loaded: 0)
Unloading 28 unused Assets / (128.5 KB). Loaded Objects now: 4056.
Memory consumption went from 128.3 MB to 128.1 MB.
Total: 2.940400 ms (FindLiveObjects: 0.277500 ms CreateObjectMapping: 0.189500 ms MarkObjects: 2.376200 ms  DeleteObjects: 0.096500 ms)

AssetImportParameters requested are different than current active one (requested -> active):
  custom:video-decoder-ogg-theora: a1e56fd34408186e4bbccfd4996cb3dc -> 
  custom:container-muxer-webm: aa71ff27fc2769a1b78a27578f13a17b -> 
  custom:container-demuxer-webm: 4f35f7cbe854078d1ac9338744f61a02 -> 
  custom:video-encoder-webm-vp8: eb34c28f22e8b96e1ab97ce403110664 -> 
  custom:audio-encoder-webm-vorbis: bf7c407c2cedff20999df2af8eb42d56 -> 
  custom:framework-win-MediaFoundation: 216162199b28c13a410421893ffa2e32 -> 
  custom:container-demuxer-ogg: 62fdf1f143b41e24485cea50d1cbac27 -> 
  custom:video-decoder-webm-vp8: 9c59270c3fd7afecdb556c50c9e8de78 -> 
  custom:audio-decoder-ogg-vorbis: bf7c407c2cedff20999df2af8eb42d56 -> 
========================================================================
Received Import Request.
  Time since last request: 18599.562080 seconds.
  path: Assets/_Core/Prefabs/Piano/Octave.prefab
  artifactKey: Guid(180c00c73a4c9cf49a0b298db7303eaa) Importer(815301076,1909f56bfc062723c751e8b465ee728b)
Start importing Assets/_Core/Prefabs/Piano/Octave.prefab using Guid(180c00c73a4c9cf49a0b298db7303eaa) Importer(815301076,1909f56bfc062723c751e8b465ee728b)  -> (artifact id: 'f390ef605790869e4e11fc6e221af5ae') in 0.116685 seconds 
========================================================================
Received Import Request.
  Time since last request: 1.737663 seconds.
  path: Assets/_Core/Prefabs/Piano/Octave.prefab
  artifactKey: Guid(180c00c73a4c9cf49a0b298db7303eaa) Importer(815301076,1909f56bfc062723c751e8b465ee728b)
Start importing Assets/_Core/Prefabs/Piano/Octave.prefab using Guid(180c00c73a4c9cf49a0b298db7303eaa) Importer(815301076,1909f56bfc062723c751e8b465ee728b)  -> (artifact id: '99f86f98d3f1e6635017bfa7d51112b1') in 0.025583 seconds 
========================================================================
Received Import Request.
  Time since last request: 1.688777 seconds.
  path: Assets/_Core/Prefabs/Piano/Octave.prefab
  artifactKey: Guid(180c00c73a4c9cf49a0b298db7303eaa) Importer(815301076,1909f56bfc062723c751e8b465ee728b)
Start importing Assets/_Core/Prefabs/Piano/Octave.prefab using Guid(180c00c73a4c9cf49a0b298db7303eaa) Importer(815301076,1909f56bfc062723c751e8b465ee728b)  -> (artifact id: 'ada127a23d9e0e3b4438a248b7c676f6') in 0.012705 seconds 
========================================================================
Received Import Request.
  Time since last request: 1.646262 seconds.
  path: Assets/_Core/Prefabs/Piano/Octave.prefab
  artifactKey: Guid(180c00c73a4c9cf49a0b298db7303eaa) Importer(815301076,1909f56bfc062723c751e8b465ee728b)
Start importing Assets/_Core/Prefabs/Piano/Octave.prefab using Guid(180c00c73a4c9cf49a0b298db7303eaa) Importer(815301076,1909f56bfc062723c751e8b465ee728b)  -> (artifact id: 'f2a5b1895e3eb5e0194b52a5a5359a31') in 0.010278 seconds 
========================================================================
Received Import Request.
  Time since last request: 2.293995 seconds.
  path: Assets/_Core/Prefabs/Piano/Octave.prefab
  artifactKey: Guid(180c00c73a4c9cf49a0b298db7303eaa) Importer(815301076,1909f56bfc062723c751e8b465ee728b)
Start importing Assets/_Core/Prefabs/Piano/Octave.prefab using Guid(180c00c73a4c9cf49a0b298db7303eaa) Importer(815301076,1909f56bfc062723c751e8b465ee728b)  -> (artifact id: '766bafb9bfebc50bf17bdb1c4106c3c9') in 0.010653 seconds 
========================================================================
Received Import Request.
  Time since last request: 1.064253 seconds.
  path: Assets/_Core/Prefabs/Piano/Octave.prefab
  artifactKey: Guid(180c00c73a4c9cf49a0b298db7303eaa) Importer(815301076,1909f56bfc062723c751e8b465ee728b)
Start importing Assets/_Core/Prefabs/Piano/Octave.prefab using Guid(180c00c73a4c9cf49a0b298db7303eaa) Importer(815301076,1909f56bfc062723c751e8b465ee728b)  -> (artifact id: '2c6fc58052a73e02337b31e885d6d466') in 0.011039 seconds 
========================================================================
Received Import Request.
  Time since last request: 16.115331 seconds.
  path: Assets/_Core/Prefabs/Piano/Octave.prefab
  artifactKey: Guid(180c00c73a4c9cf49a0b298db7303eaa) Importer(815301076,1909f56bfc062723c751e8b465ee728b)
Start importing Assets/_Core/Prefabs/Piano/Octave.prefab using Guid(180c00c73a4c9cf49a0b298db7303eaa) Importer(815301076,1909f56bfc062723c751e8b465ee728b)  -> (artifact id: '4e74c389a80ebb3007f671756ecc50b8') in 0.014044 seconds 
========================================================================
Received Import Request.
  Time since last request: 2.579382 seconds.
  path: Assets/_Core/Prefabs/Piano/Octave.prefab
  artifactKey: Guid(180c00c73a4c9cf49a0b298db7303eaa) Importer(815301076,1909f56bfc062723c751e8b465ee728b)
Start importing Assets/_Core/Prefabs/Piano/Octave.prefab using Guid(180c00c73a4c9cf49a0b298db7303eaa) Importer(815301076,1909f56bfc062723c751e8b465ee728b)  -> (artifact id: 'b55341021aefb86d1f25870e5ed5049b') in 0.010618 seconds 
========================================================================
Received Import Request.
  Time since last request: 1.680797 seconds.
  path: Assets/_Core/Prefabs/Piano/Octave.prefab
  artifactKey: Guid(180c00c73a4c9cf49a0b298db7303eaa) Importer(815301076,1909f56bfc062723c751e8b465ee728b)
Start importing Assets/_Core/Prefabs/Piano/Octave.prefab using Guid(180c00c73a4c9cf49a0b298db7303eaa) Importer(815301076,1909f56bfc062723c751e8b465ee728b)  -> (artifact id: '2c72fc85b4bb489a4330bf7910d9664a') in 0.026870 seconds 
========================================================================
Received Import Request.
  Time since last request: 1.479584 seconds.
  path: Assets/_Core/Prefabs/Piano/Octave.prefab
  artifactKey: Guid(180c00c73a4c9cf49a0b298db7303eaa) Importer(815301076,1909f56bfc062723c751e8b465ee728b)
Start importing Assets/_Core/Prefabs/Piano/Octave.prefab using Guid(180c00c73a4c9cf49a0b298db7303eaa) Importer(815301076,1909f56bfc062723c751e8b465ee728b)  -> (artifact id: 'bd0976d198fa65868480d13a8b2da311') in 0.013159 seconds 
========================================================================
Received Import Request.
  Time since last request: 6.499066 seconds.
  path: Assets/_Core/Prefabs/Piano/Octave.prefab
  artifactKey: Guid(180c00c73a4c9cf49a0b298db7303eaa) Importer(815301076,1909f56bfc062723c751e8b465ee728b)
Start importing Assets/_Core/Prefabs/Piano/Octave.prefab using Guid(180c00c73a4c9cf49a0b298db7303eaa) Importer(815301076,1909f56bfc062723c751e8b465ee728b)  -> (artifact id: '56e3ebde5d9696e50ddeff25b60f602b') in 0.012959 seconds 
========================================================================
Received Import Request.
  Time since last request: 1.186565 seconds.
  path: Assets/_Core/Prefabs/Piano/Octave.prefab
  artifactKey: Guid(180c00c73a4c9cf49a0b298db7303eaa) Importer(815301076,1909f56bfc062723c751e8b465ee728b)
Start importing Assets/_Core/Prefabs/Piano/Octave.prefab using Guid(180c00c73a4c9cf49a0b298db7303eaa) Importer(815301076,1909f56bfc062723c751e8b465ee728b)  -> (artifact id: '193ce9d60246820b45976b6d6373a080') in 0.010652 seconds 
========================================================================
Received Import Request.
  Time since last request: 2.868460 seconds.
  path: Assets/_Core/Prefabs/Piano/Octave.prefab
  artifactKey: Guid(180c00c73a4c9cf49a0b298db7303eaa) Importer(815301076,1909f56bfc062723c751e8b465ee728b)
Start importing Assets/_Core/Prefabs/Piano/Octave.prefab using Guid(180c00c73a4c9cf49a0b298db7303eaa) Importer(815301076,1909f56bfc062723c751e8b465ee728b)  -> (artifact id: '8d0c072452eea1e5005d2c08ee03a062') in 0.012545 seconds 
========================================================================
Received Import Request.
  Time since last request: 1.805884 seconds.
  path: Assets/_Core/Prefabs/Piano/Octave.prefab
  artifactKey: Guid(180c00c73a4c9cf49a0b298db7303eaa) Importer(815301076,1909f56bfc062723c751e8b465ee728b)
Start importing Assets/_Core/Prefabs/Piano/Octave.prefab using Guid(180c00c73a4c9cf49a0b298db7303eaa) Importer(815301076,1909f56bfc062723c751e8b465ee728b)  -> (artifact id: '18f9a47bef845b7d0ded5a930f561f53') in 0.010477 seconds 
========================================================================
Received Import Request.
  Time since last request: 2.231590 seconds.
  path: Assets/_Core/Prefabs/Piano/Octave.prefab
  artifactKey: Guid(180c00c73a4c9cf49a0b298db7303eaa) Importer(815301076,1909f56bfc062723c751e8b465ee728b)
Start importing Assets/_Core/Prefabs/Piano/Octave.prefab using Guid(180c00c73a4c9cf49a0b298db7303eaa) Importer(815301076,1909f56bfc062723c751e8b465ee728b)  -> (artifact id: '47d132b1fb3663c84599be31d8ee77c3') in 0.011000 seconds 
========================================================================
Received Import Request.
  Time since last request: 3.632638 seconds.
  path: Assets/_Core/Prefabs/Piano/Octave.prefab
  artifactKey: Guid(180c00c73a4c9cf49a0b298db7303eaa) Importer(815301076,1909f56bfc062723c751e8b465ee728b)
Start importing Assets/_Core/Prefabs/Piano/Octave.prefab using Guid(180c00c73a4c9cf49a0b298db7303eaa) Importer(815301076,1909f56bfc062723c751e8b465ee728b)  -> (artifact id: 'c3e4df6f12f1ba7560c38e03d6230221') in 0.028625 seconds 
========================================================================
Received Import Request.
  Time since last request: 1.995043 seconds.
  path: Assets/_Core/Prefabs/Piano/Octave.prefab
  artifactKey: Guid(180c00c73a4c9cf49a0b298db7303eaa) Importer(815301076,1909f56bfc062723c751e8b465ee728b)
Start importing Assets/_Core/Prefabs/Piano/Octave.prefab using Guid(180c00c73a4c9cf49a0b298db7303eaa) Importer(815301076,1909f56bfc062723c751e8b465ee728b)  -> (artifact id: 'ce78322e424debe1ade5da04d5081cda') in 0.010436 seconds 
========================================================================
Received Import Request.
  Time since last request: 1.613848 seconds.
  path: Assets/_Core/Prefabs/Piano/Octave.prefab
  artifactKey: Guid(180c00c73a4c9cf49a0b298db7303eaa) Importer(815301076,1909f56bfc062723c751e8b465ee728b)
Start importing Assets/_Core/Prefabs/Piano/Octave.prefab using Guid(180c00c73a4c9cf49a0b298db7303eaa) Importer(815301076,1909f56bfc062723c751e8b465ee728b)  -> (artifact id: '44b1eacfaf3a9bb7d3cc3c175499b392') in 0.010487 seconds 
========================================================================
Received Import Request.
  Time since last request: 5.683321 seconds.
  path: Assets/_Core/Prefabs/Piano/Octave.prefab
  artifactKey: Guid(180c00c73a4c9cf49a0b298db7303eaa) Importer(815301076,1909f56bfc062723c751e8b465ee728b)
Start importing Assets/_Core/Prefabs/Piano/Octave.prefab using Guid(180c00c73a4c9cf49a0b298db7303eaa) Importer(815301076,1909f56bfc062723c751e8b465ee728b)  -> (artifact id: 'fb9cf6871f803c7d3c435a192612cc40') in 0.010637 seconds 
========================================================================
Received Import Request.
  Time since last request: 1.164224 seconds.
  path: Assets/_Core/Prefabs/Piano/Octave.prefab
  artifactKey: Guid(180c00c73a4c9cf49a0b298db7303eaa) Importer(815301076,1909f56bfc062723c751e8b465ee728b)
Start importing Assets/_Core/Prefabs/Piano/Octave.prefab using Guid(180c00c73a4c9cf49a0b298db7303eaa) Importer(815301076,1909f56bfc062723c751e8b465ee728b)  -> (artifact id: '38f1b94d4bd927e121b88225cd9764c7') in 0.010813 seconds 
========================================================================
Received Import Request.
  Time since last request: 3.633116 seconds.
  path: Assets/_Core/Prefabs/Piano/Octave.prefab
  artifactKey: Guid(180c00c73a4c9cf49a0b298db7303eaa) Importer(815301076,1909f56bfc062723c751e8b465ee728b)
Start importing Assets/_Core/Prefabs/Piano/Octave.prefab using Guid(180c00c73a4c9cf49a0b298db7303eaa) Importer(815301076,1909f56bfc062723c751e8b465ee728b)  -> (artifact id: '38946f31ffabdaececa764cc5248e977') in 0.013726 seconds 
========================================================================
Received Import Request.
  Time since last request: 3.021310 seconds.
  path: Assets/_Core/Prefabs/Piano/Octave.prefab
  artifactKey: Guid(180c00c73a4c9cf49a0b298db7303eaa) Importer(815301076,1909f56bfc062723c751e8b465ee728b)
Start importing Assets/_Core/Prefabs/Piano/Octave.prefab using Guid(180c00c73a4c9cf49a0b298db7303eaa) Importer(815301076,1909f56bfc062723c751e8b465ee728b)  -> (artifact id: '926ccfc51aeb20cec1f0662feb1deceb') in 0.010608 seconds 
========================================================================
Received Import Request.
  Time since last request: 4.038123 seconds.
  path: Assets/_Core/Prefabs/Piano/Octave.prefab
  artifactKey: Guid(180c00c73a4c9cf49a0b298db7303eaa) Importer(815301076,1909f56bfc062723c751e8b465ee728b)
Start importing Assets/_Core/Prefabs/Piano/Octave.prefab using Guid(180c00c73a4c9cf49a0b298db7303eaa) Importer(815301076,1909f56bfc062723c751e8b465ee728b)  -> (artifact id: 'e67965f35ad4d72ccd38de87be92a8b4') in 0.010995 seconds 
========================================================================
Received Import Request.
  Time since last request: 10.405001 seconds.
  path: Assets/_Core/Prefabs/Piano/Octave.prefab
  artifactKey: Guid(180c00c73a4c9cf49a0b298db7303eaa) Importer(815301076,1909f56bfc062723c751e8b465ee728b)
Start importing Assets/_Core/Prefabs/Piano/Octave.prefab using Guid(180c00c73a4c9cf49a0b298db7303eaa) Importer(815301076,1909f56bfc062723c751e8b465ee728b)  -> (artifact id: '66b3e0f6899d60de86840673eb554f3f') in 0.013542 seconds 
========================================================================
Received Import Request.
  Time since last request: 3.770225 seconds.
  path: Assets/_Core/Prefabs/Piano/Octave.prefab
  artifactKey: Guid(180c00c73a4c9cf49a0b298db7303eaa) Importer(815301076,1909f56bfc062723c751e8b465ee728b)
Start importing Assets/_Core/Prefabs/Piano/Octave.prefab using Guid(180c00c73a4c9cf49a0b298db7303eaa) Importer(815301076,1909f56bfc062723c751e8b465ee728b)  -> (artifact id: '65686b33e23dd82d5dc03a6588ea6136') in 0.010662 seconds 
========================================================================
Received Import Request.
  Time since last request: 1.475014 seconds.
  path: Assets/_Core/Prefabs/Piano/Octave.prefab
  artifactKey: Guid(180c00c73a4c9cf49a0b298db7303eaa) Importer(815301076,1909f56bfc062723c751e8b465ee728b)
Start importing Assets/_Core/Prefabs/Piano/Octave.prefab using Guid(180c00c73a4c9cf49a0b298db7303eaa) Importer(815301076,1909f56bfc062723c751e8b465ee728b)  -> (artifact id: 'b44c314b209c2dd84c6fc067334b6955') in 0.010384 seconds 
========================================================================
Received Import Request.
  Time since last request: 4.852656 seconds.
  path: Assets/_Core/Prefabs/Piano/Octave.prefab
  artifactKey: Guid(180c00c73a4c9cf49a0b298db7303eaa) Importer(815301076,1909f56bfc062723c751e8b465ee728b)
Start importing Assets/_Core/Prefabs/Piano/Octave.prefab using Guid(180c00c73a4c9cf49a0b298db7303eaa) Importer(815301076,1909f56bfc062723c751e8b465ee728b)  -> (artifact id: '7571a7c382c399911caaba0a2342e233') in 0.010075 seconds 
========================================================================
Received Import Request.
  Time since last request: 3.214923 seconds.
  path: Assets/_Core/Prefabs/Piano/Octave.prefab
  artifactKey: Guid(180c00c73a4c9cf49a0b298db7303eaa) Importer(815301076,1909f56bfc062723c751e8b465ee728b)
Start importing Assets/_Core/Prefabs/Piano/Octave.prefab using Guid(180c00c73a4c9cf49a0b298db7303eaa) Importer(815301076,1909f56bfc062723c751e8b465ee728b)  -> (artifact id: '5473aed10b52f462dbf616a974bf3a08') in 0.010381 seconds 
========================================================================
Received Import Request.
  Time since last request: 2.642235 seconds.
  path: Assets/_Core/Prefabs/Piano/Octave.prefab
  artifactKey: Guid(180c00c73a4c9cf49a0b298db7303eaa) Importer(815301076,1909f56bfc062723c751e8b465ee728b)
Start importing Assets/_Core/Prefabs/Piano/Octave.prefab using Guid(180c00c73a4c9cf49a0b298db7303eaa) Importer(815301076,1909f56bfc062723c751e8b465ee728b)  -> (artifact id: 'dc0a24319f6df6e4d339b09665940326') in 0.012303 seconds 
========================================================================
Received Import Request.
  Time since last request: 2.455766 seconds.
  path: Assets/_Core/Prefabs/Piano/Octave.prefab
  artifactKey: Guid(180c00c73a4c9cf49a0b298db7303eaa) Importer(815301076,1909f56bfc062723c751e8b465ee728b)
Start importing Assets/_Core/Prefabs/Piano/Octave.prefab using Guid(180c00c73a4c9cf49a0b298db7303eaa) Importer(815301076,1909f56bfc062723c751e8b465ee728b)  -> (artifact id: '4f501984a64aaa180d416e120fb0825f') in 0.012555 seconds 
========================================================================
Received Prepare
Registering precompiled user dll's ...
Registered in 0.003074 seconds.
Begin MonoManager ReloadAssembly
Symbol file LoadedFromMemory doesn't match image D:\Labs\BSTU-KMS\AR\Library\PackageCache\com.unity.visualscripting@1.7.5\Editor\VisualScripting.Core\Dependencies\YamlDotNet\Unity.VisualScripting.YamlDotNet.dll
Symbol file LoadedFromMemory doesn't match image D:\Labs\BSTU-KMS\AR\Library\PackageCache\com.unity.visualscripting@1.7.5\Editor\VisualScripting.Core\Dependencies\DotNetZip\Unity.VisualScripting.IonicZip.dll
Native extension for WindowsStandalone target not found
Native extension for WebGL target not found
Refreshing native plugins compatible for Editor in 0.61 ms, found 3 plugins.
Preloading 0 native plugins for Editor in 0.00 ms.
Mono: successfully reloaded assembly
- Completed reload, in  1.031 seconds
Domain Reload Profiling:
	ReloadAssembly (1032ms)
		BeginReloadAssembly (130ms)
			ExecutionOrderSort (0ms)
			DisableScriptedObjects (7ms)
			BackupInstance (0ms)
			ReleaseScriptingObjects (0ms)
			CreateAndSetChildDomain (36ms)
		EndReloadAssembly (809ms)
			LoadAssemblies (67ms)
			RebuildTransferFunctionScriptingTraits (0ms)
			SetupTypeCache (264ms)
			ReleaseScriptCaches (1ms)
			RebuildScriptCaches (43ms)
			SetupLoadedEditorAssemblies (316ms)
				LogAssemblyErrors (0ms)
				InitializePlatformSupportModulesInManaged (11ms)
				SetLoadedEditorAssemblies (0ms)
				RefreshPlugins (1ms)
				BeforeProcessingInitializeOnLoad (66ms)
				ProcessInitializeOnLoadAttributes (206ms)
				ProcessInitializeOnLoadMethodAttributes (28ms)
				AfterProcessingInitializeOnLoad (4ms)
				EditorAssembliesLoaded (0ms)
			ExecutionOrderSort2 (0ms)
			AwakeInstancesAfterBackupRestoration (6ms)
Platform modules already initialized, skipping
Switching build target platform(19) subTarget(0) extendedPlatform(0) -> platform(13) subTarget(0) extendedPlatform(0)
Refreshing native plugins compatible for Editor in 0.78 ms, found 3 plugins.
Preloading 0 native plugins for Editor in 0.00 ms.
Unloading 3580 Unused Serialized files (Serialized files now loaded: 0)
Unloading 23 unused Assets / (95.2 KB). Loaded Objects now: 4065.
Memory consumption went from 131.1 MB to 131.0 MB.
Total: 3.051700 ms (FindLiveObjects: 0.312000 ms CreateObjectMapping: 0.195000 ms MarkObjects: 2.463600 ms  DeleteObjects: 0.080300 ms)

AssetImportParameters requested are different than current active one (requested -> active):
  custom:video-decoder-ogg-theora: a1e56fd34408186e4bbccfd4996cb3dc -> 
  custom:container-muxer-webm: aa71ff27fc2769a1b78a27578f13a17b -> 
  custom:container-demuxer-webm: 4f35f7cbe854078d1ac9338744f61a02 -> 
  custom:video-encoder-webm-vp8: eb34c28f22e8b96e1ab97ce403110664 -> 
  custom:audio-encoder-webm-vorbis: bf7c407c2cedff20999df2af8eb42d56 -> 
  custom:framework-win-MediaFoundation: 216162199b28c13a410421893ffa2e32 -> 
  custom:container-demuxer-ogg: 62fdf1f143b41e24485cea50d1cbac27 -> 
  custom:video-decoder-webm-vp8: 9c59270c3fd7afecdb556c50c9e8de78 -> 
  custom:audio-decoder-ogg-vorbis: bf7c407c2cedff20999df2af8eb42d56 -> 
========================================================================
Received Import Request.
  Time since last request: 80.036727 seconds.
  path: Assets/_Core/Prefabs/Piano/Octave.prefab
  artifactKey: Guid(180c00c73a4c9cf49a0b298db7303eaa) Importer(815301076,1909f56bfc062723c751e8b465ee728b)
Start importing Assets/_Core/Prefabs/Piano/Octave.prefab using Guid(180c00c73a4c9cf49a0b298db7303eaa) Importer(815301076,1909f56bfc062723c751e8b465ee728b)  -> (artifact id: 'bdb105f52dd4fe511d9bacd6b245a97d') in 0.098306 seconds 
========================================================================
Received Import Request.
  Time since last request: 41.791434 seconds.
  path: Assets/_Core/Prefabs/Piano/Octave.prefab
  artifactKey: Guid(180c00c73a4c9cf49a0b298db7303eaa) Importer(815301076,1909f56bfc062723c751e8b465ee728b)
Start importing Assets/_Core/Prefabs/Piano/Octave.prefab using Guid(180c00c73a4c9cf49a0b298db7303eaa) Importer(815301076,1909f56bfc062723c751e8b465ee728b)  -> (artifact id: '23faede79ae3f0056611270118fdf4f4') in 0.011073 seconds 
========================================================================
Received Import Request.
  Time since last request: 31.798691 seconds.
  path: Assets/_Core/Prefabs/Piano/Octave.prefab
  artifactKey: Guid(180c00c73a4c9cf49a0b298db7303eaa) Importer(815301076,1909f56bfc062723c751e8b465ee728b)
Start importing Assets/_Core/Prefabs/Piano/Octave.prefab using Guid(180c00c73a4c9cf49a0b298db7303eaa) Importer(815301076,1909f56bfc062723c751e8b465ee728b)  -> (artifact id: '964225fa3c3f4abe0405821c7b95a0a6') in 0.026010 seconds 
========================================================================
Received Prepare
Registering precompiled user dll's ...
Registered in 0.003638 seconds.
Begin MonoManager ReloadAssembly
Symbol file LoadedFromMemory doesn't match image D:\Labs\BSTU-KMS\AR\Library\PackageCache\com.unity.visualscripting@1.7.5\Editor\VisualScripting.Core\Dependencies\YamlDotNet\Unity.VisualScripting.YamlDotNet.dll
Symbol file LoadedFromMemory doesn't match image D:\Labs\BSTU-KMS\AR\Library\PackageCache\com.unity.visualscripting@1.7.5\Editor\VisualScripting.Core\Dependencies\DotNetZip\Unity.VisualScripting.IonicZip.dll
Native extension for WindowsStandalone target not found
Native extension for WebGL target not found
Refreshing native plugins compatible for Editor in 0.60 ms, found 3 plugins.
Preloading 0 native plugins for Editor in 0.00 ms.
Mono: successfully reloaded assembly
- Completed reload, in  1.011 seconds
Domain Reload Profiling:
	ReloadAssembly (1012ms)
		BeginReloadAssembly (125ms)
			ExecutionOrderSort (0ms)
			DisableScriptedObjects (6ms)
			BackupInstance (0ms)
			ReleaseScriptingObjects (0ms)
			CreateAndSetChildDomain (41ms)
		EndReloadAssembly (805ms)
			LoadAssemblies (68ms)
			RebuildTransferFunctionScriptingTraits (0ms)
			SetupTypeCache (259ms)
			ReleaseScriptCaches (1ms)
			RebuildScriptCaches (43ms)
			SetupLoadedEditorAssemblies (312ms)
				LogAssemblyErrors (0ms)
				InitializePlatformSupportModulesInManaged (11ms)
				SetLoadedEditorAssemblies (0ms)
				RefreshPlugins (1ms)
				BeforeProcessingInitializeOnLoad (70ms)
				ProcessInitializeOnLoadAttributes (206ms)
				ProcessInitializeOnLoadMethodAttributes (21ms)
				AfterProcessingInitializeOnLoad (2ms)
				EditorAssembliesLoaded (0ms)
			ExecutionOrderSort2 (0ms)
			AwakeInstancesAfterBackupRestoration (5ms)
Platform modules already initialized, skipping
Switching build target platform(19) subTarget(0) extendedPlatform(0) -> platform(13) subTarget(0) extendedPlatform(0)
Refreshing native plugins compatible for Editor in 1.12 ms, found 3 plugins.
Preloading 0 native plugins for Editor in 0.00 ms.
Unloading 3580 Unused Serialized files (Serialized files now loaded: 0)
Unloading 23 unused Assets / (95.3 KB). Loaded Objects now: 4068.
Memory consumption went from 131.1 MB to 131.0 MB.
Total: 2.971500 ms (FindLiveObjects: 0.291800 ms CreateObjectMapping: 0.219900 ms MarkObjects: 2.379900 ms  DeleteObjects: 0.079200 ms)

AssetImportParameters requested are different than current active one (requested -> active):
  custom:video-decoder-ogg-theora: a1e56fd34408186e4bbccfd4996cb3dc -> 
  custom:container-muxer-webm: aa71ff27fc2769a1b78a27578f13a17b -> 
  custom:container-demuxer-webm: 4f35f7cbe854078d1ac9338744f61a02 -> 
  custom:video-encoder-webm-vp8: eb34c28f22e8b96e1ab97ce403110664 -> 
  custom:audio-encoder-webm-vorbis: bf7c407c2cedff20999df2af8eb42d56 -> 
  custom:framework-win-MediaFoundation: 216162199b28c13a410421893ffa2e32 -> 
  custom:container-demuxer-ogg: 62fdf1f143b41e24485cea50d1cbac27 -> 
  custom:video-decoder-webm-vp8: 9c59270c3fd7afecdb556c50c9e8de78 -> 
  custom:audio-decoder-ogg-vorbis: bf7c407c2cedff20999df2af8eb42d56 -> 
